<?xml version="1.0" encoding="UTF-8"?>
<!-- Generated by org.testng.reporters.JUnitXMLReporter -->
<testsuite hostname="D69659" ignored="22" name="Regression testing" tests="52" failures="32" timestamp="17 Nov 2017 13:14:53 GMT" time="1206.782" errors="0">
  <testcase name="UC002_CT002_PD002_1" time="27.187" classname="incluir_requisicao_pagamento.Teste_inclui_requisicao_pagamento"/>
  <testcase name="UC002_CT002_PD002_2" time="15.668" classname="incluir_requisicao_pagamento.Teste_inclui_requisicao_pagamento"/>
  <testcase name="UC002_CT002_PD002_3" time="26.369" classname="incluir_requisicao_pagamento.Teste_inclui_requisicao_pagamento"/>
  <testcase name="UC002_CT002_PD002_4" time="34.08" classname="incluir_requisicao_pagamento.Teste_inclui_requisicao_pagamento"/>
  <testcase name="UC002_CT002_PD002_5" time="31.344" classname="incluir_requisicao_pagamento.Teste_inclui_requisicao_pagamento"/>
  <testcase name="UC002_CT002_PD002_6" time="34.073" classname="incluir_requisicao_pagamento.Teste_inclui_requisicao_pagamento"/>
  <testcase name="UC002_CT002_PD002_7" time="30.506" classname="incluir_requisicao_pagamento.Teste_inclui_requisicao_pagamento"/>
  <testcase name="UC002_CT002_PD002_8" time="30.373" classname="incluir_requisicao_pagamento.Teste_inclui_requisicao_pagamento"/>
  <testcase name="UC002_CT002_PD002_9" time="14.087" classname="incluir_requisicao_pagamento.Teste_inclui_requisicao_pagamento"/>
  <testcase name="UC002_CT001_PD001_1" time="17.523" classname="consultar_requisicao_pagamento.Teste_Consulta">
    <failure type="java.lang.AssertionError">
      <![CDATA[java.lang.AssertionError: 
	at consultar_requisicao_pagamento.Teste_Consulta.UC002_CT001_PD001_1(Teste_Consulta.java:39)
... Removed 28 stack frames]]>
    </failure>
  </testcase> <!-- UC002_CT001_PD001_1 -->
  <testcase name="UC002_CT001_PD001_3" time="16.909" classname="consultar_requisicao_pagamento.Teste_Consulta"/>
  <testcase name="UC002_CT002_PD001_2" time="15.306" classname="consultar_requisicao_pagamento.Teste_Consulta"/>
  <testcase name="UC002_CT005_PD001_1" time="15.263" classname="visualizar_Informacoes_resumidas_requisicao_pagamento.Teste_Visualiza"/>
  <testcase name="UC002_CT005_PD001_2" time="15.249" classname="visualizar_Informacoes_resumidas_requisicao_pagamento.Teste_Visualiza"/>
  <testcase name="UC002_CT005_PD001_3" time="15.285" classname="visualizar_Informacoes_resumidas_requisicao_pagamento.Teste_Visualiza"/>
  <testcase name="UC002_CT004_PD004_1" time="15.65" classname="excluir_requisicao_pagamento.Teste_Exclui"/>
  <testcase name="UC002_CT004_PD004_2" time="15.6" classname="excluir_requisicao_pagamento.Teste_Exclui"/>
  <testcase name="UC002_CT004_PD004_3" time="15.768" classname="excluir_requisicao_pagamento.Teste_Exclui"/>
  <testcase name="UC002_CT004_PD004_4" time="15.906" classname="excluir_requisicao_pagamento.Teste_Exclui"/>
  <testcase name="UC002_CT004_PD004_5" time="15.744" classname="excluir_requisicao_pagamento.Teste_Exclui"/>
  <testcase name="UC002_CT004_PD004_6" time="16.172" classname="excluir_requisicao_pagamento.Teste_Exclui"/>
  <testcase name="UC002_CT006_PD006_1" time="15.271" classname="visualizar_detalhes_historicos_requisicao_pagamento.Teste_Visualiza_Detalhes">
    <failure type="org.openqa.selenium.NoSuchElementException" message="Unable to locate element: //button[3]
For documentation on this error, please visit: http://seleniumhq.org/exceptions/no_such_element.html
Build info: version: &amp;apos;3.5.3&amp;apos;, revision: &amp;apos;a88d25fe6b&amp;apos;, time: &amp;apos;2017-08-29T12:42:44.417Z&amp;apos;
System info: host: &amp;apos;D69659&amp;apos;, ip: &amp;apos;10.8.3.117&amp;apos;, os.name: &amp;apos;Windows 7&amp;apos;, os.arch: &amp;apos;amd64&amp;apos;, os.version: &amp;apos;6.1&amp;apos;, java.version: &amp;apos;1.8.0_144&amp;apos;
Driver info: org.openqa.selenium.firefox.FirefoxDriver
Capabilities [{moz:profile=C:\Users\015780~1\AppData\Local\Temp\rust_mozprofile.gLidEgOlwx3m, rotatable=false, timeouts={implicit=0, pageLoad=300000, script=30000}, pageLoadStrategy=normal, platform=XP, specificationLevel=0, moz:accessibilityChecks=false, acceptInsecureCerts=false, browserVersion=55.0.3, platformVersion=6.1, moz:processID=8624, browserName=firefox, javascriptEnabled=true, platformName=XP}]
Session ID: 23a40bc5-9b9f-4f90-b3d5-4304b42cab88
*** Element info: {Using=xpath, value=//button[3]}">
      <![CDATA[org.openqa.selenium.NoSuchElementException: Unable to locate element: //button[3]
For documentation on this error, please visit: http://seleniumhq.org/exceptions/no_such_element.html
Build info: version: '3.5.3', revision: 'a88d25fe6b', time: '2017-08-29T12:42:44.417Z'
System info: host: 'D69659', ip: '10.8.3.117', os.name: 'Windows 7', os.arch: 'amd64', os.version: '6.1', java.version: '1.8.0_144'
Driver info: org.openqa.selenium.firefox.FirefoxDriver
Capabilities [{moz:profile=C:\Users\015780~1\AppData\Local\Temp\rust_mozprofile.gLidEgOlwx3m, rotatable=false, timeouts={implicit=0, pageLoad=300000, script=30000}, pageLoadStrategy=normal, platform=XP, specificationLevel=0, moz:accessibilityChecks=false, acceptInsecureCerts=false, browserVersion=55.0.3, platformVersion=6.1, moz:processID=8624, browserName=firefox, javascriptEnabled=true, platformName=XP}]
Session ID: 23a40bc5-9b9f-4f90-b3d5-4304b42cab88
*** Element info: {Using=xpath, value=//button[3]}
	at org.openqa.selenium.remote.http.W3CHttpResponseCodec.createException(W3CHttpResponseCodec.java:185)
	at org.openqa.selenium.remote.http.W3CHttpResponseCodec.decode(W3CHttpResponseCodec.java:120)
	at org.openqa.selenium.remote.http.W3CHttpResponseCodec.decode(W3CHttpResponseCodec.java:49)
	at org.openqa.selenium.remote.HttpCommandExecutor.execute(HttpCommandExecutor.java:164)
	at org.openqa.selenium.remote.service.DriverCommandExecutor.execute(DriverCommandExecutor.java:82)
	at org.openqa.selenium.remote.RemoteWebDriver.execute(RemoteWebDriver.java:646)
	at org.openqa.selenium.remote.RemoteWebDriver.findElement(RemoteWebDriver.java:416)
	at org.openqa.selenium.remote.RemoteWebDriver.findElementByXPath(RemoteWebDriver.java:518)
	at org.openqa.selenium.By$ByXPath.findElement(By.java:361)
	at org.openqa.selenium.remote.RemoteWebDriver.findElement(RemoteWebDriver.java:408)
	at visualizar_detalhes_historicos_requisicao_pagamento.Preenche.preencher(Preenche.java:52)
	at visualizar_detalhes_historicos_requisicao_pagamento.Teste_Visualiza_Detalhes.UC002_CT006_PD006_1(Teste_Visualiza_Detalhes.java:30)
... Removed 29 stack frames]]>
    </failure>
  </testcase> <!-- UC002_CT006_PD006_1 -->
  <testcase name="UC002_CT003_PD003_1" time="15.161" classname="alterar_requisicao_pagamento_dados_processo.Teste_Altera_Dados_Processo">
    <failure type="java.lang.AssertionError" message="Processo nao pode ser alterado">
      <![CDATA[java.lang.AssertionError: Processo nao pode ser alterado
	at alterar_requisicao_pagamento_dados_processo.Teste_Altera_Dados_Processo.UC002_CT003_PD003_1(Teste_Altera_Dados_Processo.java:30)
... Removed 26 stack frames]]>
    </failure>
  </testcase> <!-- UC002_CT003_PD003_1 -->
  <testcase name="UC002_CT003_PD003_2" time="15.179" classname="alterar_requisicao_pagamento_dados_processo.Teste_Altera_Dados_Processo">
    <failure type="java.lang.AssertionError" message="Processo nao pode ser alterado">
      <![CDATA[java.lang.AssertionError: Processo nao pode ser alterado
	at alterar_requisicao_pagamento_dados_processo.Teste_Altera_Dados_Processo.UC002_CT003_PD003_2(Teste_Altera_Dados_Processo.java:52)
... Removed 26 stack frames]]>
    </failure>
  </testcase> <!-- UC002_CT003_PD003_2 -->
  <testcase name="UC002_CT003_PD003_3" time="15.121" classname="alterar_requisicao_pagamento_dados_processo.Teste_Altera_Dados_Processo">
    <failure type="java.lang.AssertionError" message="Processo nao pode ser alterado">
      <![CDATA[java.lang.AssertionError: Processo nao pode ser alterado
	at alterar_requisicao_pagamento_dados_processo.Teste_Altera_Dados_Processo.UC002_CT003_PD003_3(Teste_Altera_Dados_Processo.java:67)
... Removed 26 stack frames]]>
    </failure>
  </testcase> <!-- UC002_CT003_PD003_3 -->
  <testcase name="UC002_CT003_PD003_4" time="15.178" classname="alterar_requisicao_pagamento_dados_processo.Teste_Altera_Dados_Processo">
    <failure type="java.lang.AssertionError" message="Processo nao pode ser alterado">
      <![CDATA[java.lang.AssertionError: Processo nao pode ser alterado
	at alterar_requisicao_pagamento_dados_processo.Teste_Altera_Dados_Processo.UC002_CT003_PD003_4(Teste_Altera_Dados_Processo.java:97)
... Removed 26 stack frames]]>
    </failure>
  </testcase> <!-- UC002_CT003_PD003_4 -->
  <testcase name="UC002_CT003_PD003_5" time="15.194" classname="alterar_requisicao_pagamento_dados_processo.Teste_Altera_Dados_Processo">
    <failure type="java.lang.AssertionError" message="Processo nao pode ser alterado">
      <![CDATA[java.lang.AssertionError: Processo nao pode ser alterado
	at alterar_requisicao_pagamento_dados_processo.Teste_Altera_Dados_Processo.UC002_CT003_PD003_5(Teste_Altera_Dados_Processo.java:126)
... Removed 26 stack frames]]>
    </failure>
  </testcase> <!-- UC002_CT003_PD003_5 -->
  <testcase name="UC002_CT003_PD003_6" time="15.024" classname="alterar_requisicao_pagamento_dados_processo.Teste_Altera_Dados_Processo">
    <failure type="java.lang.AssertionError" message="Processo nao pode ser alterado">
      <![CDATA[java.lang.AssertionError: Processo nao pode ser alterado
	at alterar_requisicao_pagamento_dados_processo.Teste_Altera_Dados_Processo.UC002_CT003_PD003_6(Teste_Altera_Dados_Processo.java:154)
... Removed 26 stack frames]]>
    </failure>
  </testcase> <!-- UC002_CT003_PD003_6 -->
  <testcase name="UC002_CT003_PD003_7" time="15.317" classname="alterar_requisicao_pagamento_dados_processo.Teste_Altera_Dados_Processo">
    <failure type="java.lang.AssertionError" message="Processo nao pode ser alterado">
      <![CDATA[java.lang.AssertionError: Processo nao pode ser alterado
	at alterar_requisicao_pagamento_dados_processo.Teste_Altera_Dados_Processo.UC002_CT003_PD003_7(Teste_Altera_Dados_Processo.java:182)
... Removed 26 stack frames]]>
    </failure>
  </testcase> <!-- UC002_CT003_PD003_7 -->
  <testcase name="UC002_CT003_PD003_8" time="15.186" classname="alterar_requisicao_pagamento_dados_processo.Teste_Altera_Dados_Processo">
    <failure type="java.lang.AssertionError" message="Processo nao pode ser alterado">
      <![CDATA[java.lang.AssertionError: Processo nao pode ser alterado
	at alterar_requisicao_pagamento_dados_processo.Teste_Altera_Dados_Processo.UC002_CT003_PD003_8(Teste_Altera_Dados_Processo.java:211)
... Removed 26 stack frames]]>
    </failure>
  </testcase> <!-- UC002_CT003_PD003_8 -->
  <testcase name="UC002_CT003_PD003_9" time="15.143" classname="alterar_requisicao_pagamento_dados_processo.Teste_Altera_Dados_Processo">
    <failure type="java.lang.AssertionError" message="Processo nao pode ser alterado">
      <![CDATA[java.lang.AssertionError: Processo nao pode ser alterado
	at alterar_requisicao_pagamento_dados_processo.Teste_Altera_Dados_Processo.UC002_CT003_PD003_9(Teste_Altera_Dados_Processo.java:230)
... Removed 26 stack frames]]>
    </failure>
  </testcase> <!-- UC002_CT003_PD003_9 -->
  <testcase name="UC002_CT007_PD002_1" time="27.387" classname="incluir_requisicao_pagamento_beneficiario.Teste_Inclui_Beneficiario">
    <failure type="org.openqa.selenium.TimeoutException" message="Expected condition failed: waiting for element to be clickable: By.xpath: .//*[@id=&amp;apos;tabGeral&amp;apos;]/ul/li[2]/a (tried for 10 second(s) with 2 SECONDS interval)">
      <![CDATA[org.openqa.selenium.TimeoutException: Expected condition failed: waiting for element to be clickable: By.xpath: .//*[@id='tabGeral']/ul/li[2]/a (tried for 10 second(s) with 2 SECONDS interval)
	at org.openqa.selenium.support.ui.FluentWait.timeoutException(FluentWait.java:264)
	at org.openqa.selenium.support.ui.FluentWait.until(FluentWait.java:232)
	at incluir_requisicao_pagamento_beneficiario.Pagina.novo(Pagina.java:70)
	at incluir_requisicao_pagamento_beneficiario.Teste_Inclui_Beneficiario.UC002_CT007_PD002_1(Teste_Inclui_Beneficiario.java:31)
Caused by: org.openqa.selenium.NoSuchElementException: Cannot locate an element using By.xpath: .//*[@id='tabGeral']/ul/li[2]/a
For documentation on this error, please visit: http://seleniumhq.org/exceptions/no_such_element.html
Build info: version: '3.5.3', revision: 'a88d25fe6b', time: '2017-08-29T12:42:44.417Z'
System info: host: 'D69659', ip: '10.8.3.117', os.name: 'Windows 7', os.arch: 'amd64', os.version: '6.1', java.version: '1.8.0_144'
Driver info: driver.version: unknown
	at org.openqa.selenium.support.ui.ExpectedConditions.lambda$findElement$0(ExpectedConditions.java:883)
	at java.util.Optional.orElseThrow(Optional.java:290)
	at org.openqa.selenium.support.ui.ExpectedConditions.findElement(ExpectedConditions.java:882)
	at org.openqa.selenium.support.ui.ExpectedConditions.access$000(ExpectedConditions.java:44)
	at org.openqa.selenium.support.ui.ExpectedConditions$7.apply(ExpectedConditions.java:206)
	at org.openqa.selenium.support.ui.ExpectedConditions$7.apply(ExpectedConditions.java:202)
	at org.openqa.selenium.support.ui.ExpectedConditions$22.apply(ExpectedConditions.java:644)
	at org.openqa.selenium.support.ui.ExpectedConditions$22.apply(ExpectedConditions.java:641)
	at org.openqa.selenium.support.ui.FluentWait.until(FluentWait.java:209)
	... 27 more
... Removed 25 stack frames]]>
    </failure>
  </testcase> <!-- UC002_CT007_PD002_1 -->
  <testcase name="UC002_CT007_PD002_2" time="27.359" classname="incluir_requisicao_pagamento_beneficiario.Teste_Inclui_Beneficiario">
    <failure type="org.openqa.selenium.TimeoutException" message="Expected condition failed: waiting for element to be clickable: By.xpath: .//*[@id=&amp;apos;tabGeral&amp;apos;]/ul/li[2]/a (tried for 10 second(s) with 2 SECONDS interval)">
      <![CDATA[org.openqa.selenium.TimeoutException: Expected condition failed: waiting for element to be clickable: By.xpath: .//*[@id='tabGeral']/ul/li[2]/a (tried for 10 second(s) with 2 SECONDS interval)
	at org.openqa.selenium.support.ui.FluentWait.timeoutException(FluentWait.java:264)
	at org.openqa.selenium.support.ui.FluentWait.until(FluentWait.java:232)
	at incluir_requisicao_pagamento_beneficiario.Pagina.novo(Pagina.java:70)
	at incluir_requisicao_pagamento_beneficiario.Teste_Inclui_Beneficiario.UC002_CT007_PD002_2(Teste_Inclui_Beneficiario.java:69)
Caused by: org.openqa.selenium.NoSuchElementException: Cannot locate an element using By.xpath: .//*[@id='tabGeral']/ul/li[2]/a
For documentation on this error, please visit: http://seleniumhq.org/exceptions/no_such_element.html
Build info: version: '3.5.3', revision: 'a88d25fe6b', time: '2017-08-29T12:42:44.417Z'
System info: host: 'D69659', ip: '10.8.3.117', os.name: 'Windows 7', os.arch: 'amd64', os.version: '6.1', java.version: '1.8.0_144'
Driver info: driver.version: unknown
	at org.openqa.selenium.support.ui.ExpectedConditions.lambda$findElement$0(ExpectedConditions.java:883)
	at java.util.Optional.orElseThrow(Optional.java:290)
	at org.openqa.selenium.support.ui.ExpectedConditions.findElement(ExpectedConditions.java:882)
	at org.openqa.selenium.support.ui.ExpectedConditions.access$000(ExpectedConditions.java:44)
	at org.openqa.selenium.support.ui.ExpectedConditions$7.apply(ExpectedConditions.java:206)
	at org.openqa.selenium.support.ui.ExpectedConditions$7.apply(ExpectedConditions.java:202)
	at org.openqa.selenium.support.ui.ExpectedConditions$22.apply(ExpectedConditions.java:644)
	at org.openqa.selenium.support.ui.ExpectedConditions$22.apply(ExpectedConditions.java:641)
	at org.openqa.selenium.support.ui.FluentWait.until(FluentWait.java:209)
	... 27 more
... Removed 25 stack frames]]>
    </failure>
  </testcase> <!-- UC002_CT007_PD002_2 -->
  <testcase name="UC002_CT007_PD002_3" time="27.186" classname="incluir_requisicao_pagamento_beneficiario.Teste_Inclui_Beneficiario">
    <failure type="org.openqa.selenium.TimeoutException" message="Expected condition failed: waiting for element to be clickable: By.xpath: .//*[@id=&amp;apos;tabGeral&amp;apos;]/ul/li[2]/a (tried for 10 second(s) with 2 SECONDS interval)">
      <![CDATA[org.openqa.selenium.TimeoutException: Expected condition failed: waiting for element to be clickable: By.xpath: .//*[@id='tabGeral']/ul/li[2]/a (tried for 10 second(s) with 2 SECONDS interval)
	at org.openqa.selenium.support.ui.FluentWait.timeoutException(FluentWait.java:264)
	at org.openqa.selenium.support.ui.FluentWait.until(FluentWait.java:232)
	at incluir_requisicao_pagamento_beneficiario.Pagina.novo(Pagina.java:70)
	at incluir_requisicao_pagamento_beneficiario.Teste_Inclui_Beneficiario.UC002_CT007_PD002_3(Teste_Inclui_Beneficiario.java:83)
Caused by: org.openqa.selenium.NoSuchElementException: Cannot locate an element using By.xpath: .//*[@id='tabGeral']/ul/li[2]/a
For documentation on this error, please visit: http://seleniumhq.org/exceptions/no_such_element.html
Build info: version: '3.5.3', revision: 'a88d25fe6b', time: '2017-08-29T12:42:44.417Z'
System info: host: 'D69659', ip: '10.8.3.117', os.name: 'Windows 7', os.arch: 'amd64', os.version: '6.1', java.version: '1.8.0_144'
Driver info: driver.version: unknown
	at org.openqa.selenium.support.ui.ExpectedConditions.lambda$findElement$0(ExpectedConditions.java:883)
	at java.util.Optional.orElseThrow(Optional.java:290)
	at org.openqa.selenium.support.ui.ExpectedConditions.findElement(ExpectedConditions.java:882)
	at org.openqa.selenium.support.ui.ExpectedConditions.access$000(ExpectedConditions.java:44)
	at org.openqa.selenium.support.ui.ExpectedConditions$7.apply(ExpectedConditions.java:206)
	at org.openqa.selenium.support.ui.ExpectedConditions$7.apply(ExpectedConditions.java:202)
	at org.openqa.selenium.support.ui.ExpectedConditions$22.apply(ExpectedConditions.java:644)
	at org.openqa.selenium.support.ui.ExpectedConditions$22.apply(ExpectedConditions.java:641)
	at org.openqa.selenium.support.ui.FluentWait.until(FluentWait.java:209)
	... 27 more
... Removed 25 stack frames]]>
    </failure>
  </testcase> <!-- UC002_CT007_PD002_3 -->
  <testcase name="UC002_CT007_PD002_4" time="27.892" classname="incluir_requisicao_pagamento_beneficiario.Teste_Inclui_Beneficiario">
    <failure type="org.openqa.selenium.TimeoutException" message="Expected condition failed: waiting for element to be clickable: By.xpath: .//*[@id=&amp;apos;tabGeral&amp;apos;]/ul/li[2]/a (tried for 10 second(s) with 2 SECONDS interval)">
      <![CDATA[org.openqa.selenium.TimeoutException: Expected condition failed: waiting for element to be clickable: By.xpath: .//*[@id='tabGeral']/ul/li[2]/a (tried for 10 second(s) with 2 SECONDS interval)
	at org.openqa.selenium.support.ui.FluentWait.timeoutException(FluentWait.java:264)
	at org.openqa.selenium.support.ui.FluentWait.until(FluentWait.java:232)
	at incluir_requisicao_pagamento_beneficiario.Pagina.novo(Pagina.java:70)
	at incluir_requisicao_pagamento_beneficiario.Teste_Inclui_Beneficiario.UC002_CT007_PD002_4(Teste_Inclui_Beneficiario.java:103)
Caused by: org.openqa.selenium.NoSuchElementException: Cannot locate an element using By.xpath: .//*[@id='tabGeral']/ul/li[2]/a
For documentation on this error, please visit: http://seleniumhq.org/exceptions/no_such_element.html
Build info: version: '3.5.3', revision: 'a88d25fe6b', time: '2017-08-29T12:42:44.417Z'
System info: host: 'D69659', ip: '10.8.3.117', os.name: 'Windows 7', os.arch: 'amd64', os.version: '6.1', java.version: '1.8.0_144'
Driver info: driver.version: unknown
	at org.openqa.selenium.support.ui.ExpectedConditions.lambda$findElement$0(ExpectedConditions.java:883)
	at java.util.Optional.orElseThrow(Optional.java:290)
	at org.openqa.selenium.support.ui.ExpectedConditions.findElement(ExpectedConditions.java:882)
	at org.openqa.selenium.support.ui.ExpectedConditions.access$000(ExpectedConditions.java:44)
	at org.openqa.selenium.support.ui.ExpectedConditions$7.apply(ExpectedConditions.java:206)
	at org.openqa.selenium.support.ui.ExpectedConditions$7.apply(ExpectedConditions.java:202)
	at org.openqa.selenium.support.ui.ExpectedConditions$22.apply(ExpectedConditions.java:644)
	at org.openqa.selenium.support.ui.ExpectedConditions$22.apply(ExpectedConditions.java:641)
	at org.openqa.selenium.support.ui.FluentWait.until(FluentWait.java:209)
	... 27 more
... Removed 25 stack frames]]>
    </failure>
  </testcase> <!-- UC002_CT007_PD002_4 -->
  <testcase name="UC002_CT007_PD002_5" time="28.154" classname="incluir_requisicao_pagamento_beneficiario.Teste_Inclui_Beneficiario">
    <failure type="org.openqa.selenium.TimeoutException" message="Expected condition failed: waiting for element to be clickable: By.xpath: .//*[@id=&amp;apos;tabGeral&amp;apos;]/ul/li[2]/a (tried for 10 second(s) with 2 SECONDS interval)">
      <![CDATA[org.openqa.selenium.TimeoutException: Expected condition failed: waiting for element to be clickable: By.xpath: .//*[@id='tabGeral']/ul/li[2]/a (tried for 10 second(s) with 2 SECONDS interval)
	at org.openqa.selenium.support.ui.FluentWait.timeoutException(FluentWait.java:264)
	at org.openqa.selenium.support.ui.FluentWait.until(FluentWait.java:232)
	at incluir_requisicao_pagamento_beneficiario.Pagina.novo(Pagina.java:70)
	at incluir_requisicao_pagamento_beneficiario.Teste_Inclui_Beneficiario.UC002_CT007_PD002_5(Teste_Inclui_Beneficiario.java:116)
Caused by: org.openqa.selenium.NoSuchElementException: Cannot locate an element using By.xpath: .//*[@id='tabGeral']/ul/li[2]/a
For documentation on this error, please visit: http://seleniumhq.org/exceptions/no_such_element.html
Build info: version: '3.5.3', revision: 'a88d25fe6b', time: '2017-08-29T12:42:44.417Z'
System info: host: 'D69659', ip: '10.8.3.117', os.name: 'Windows 7', os.arch: 'amd64', os.version: '6.1', java.version: '1.8.0_144'
Driver info: driver.version: unknown
	at org.openqa.selenium.support.ui.ExpectedConditions.lambda$findElement$0(ExpectedConditions.java:883)
	at java.util.Optional.orElseThrow(Optional.java:290)
	at org.openqa.selenium.support.ui.ExpectedConditions.findElement(ExpectedConditions.java:882)
	at org.openqa.selenium.support.ui.ExpectedConditions.access$000(ExpectedConditions.java:44)
	at org.openqa.selenium.support.ui.ExpectedConditions$7.apply(ExpectedConditions.java:206)
	at org.openqa.selenium.support.ui.ExpectedConditions$7.apply(ExpectedConditions.java:202)
	at org.openqa.selenium.support.ui.ExpectedConditions$22.apply(ExpectedConditions.java:644)
	at org.openqa.selenium.support.ui.ExpectedConditions$22.apply(ExpectedConditions.java:641)
	at org.openqa.selenium.support.ui.FluentWait.until(FluentWait.java:209)
	... 27 more
... Removed 25 stack frames]]>
    </failure>
  </testcase> <!-- UC002_CT007_PD002_5 -->
  <testcase name="UC002_CT007_PD002_6" time="28.036" classname="incluir_requisicao_pagamento_beneficiario.Teste_Inclui_Beneficiario">
    <failure type="org.openqa.selenium.TimeoutException" message="Expected condition failed: waiting for element to be clickable: By.xpath: .//*[@id=&amp;apos;tabGeral&amp;apos;]/ul/li[2]/a (tried for 10 second(s) with 2 SECONDS interval)">
      <![CDATA[org.openqa.selenium.TimeoutException: Expected condition failed: waiting for element to be clickable: By.xpath: .//*[@id='tabGeral']/ul/li[2]/a (tried for 10 second(s) with 2 SECONDS interval)
	at org.openqa.selenium.support.ui.FluentWait.timeoutException(FluentWait.java:264)
	at org.openqa.selenium.support.ui.FluentWait.until(FluentWait.java:232)
	at incluir_requisicao_pagamento_beneficiario.Pagina.novo(Pagina.java:70)
	at incluir_requisicao_pagamento_beneficiario.Teste_Inclui_Beneficiario.UC002_CT007_PD002_6(Teste_Inclui_Beneficiario.java:135)
Caused by: org.openqa.selenium.NoSuchElementException: Cannot locate an element using By.xpath: .//*[@id='tabGeral']/ul/li[2]/a
For documentation on this error, please visit: http://seleniumhq.org/exceptions/no_such_element.html
Build info: version: '3.5.3', revision: 'a88d25fe6b', time: '2017-08-29T12:42:44.417Z'
System info: host: 'D69659', ip: '10.8.3.117', os.name: 'Windows 7', os.arch: 'amd64', os.version: '6.1', java.version: '1.8.0_144'
Driver info: driver.version: unknown
	at org.openqa.selenium.support.ui.ExpectedConditions.lambda$findElement$0(ExpectedConditions.java:883)
	at java.util.Optional.orElseThrow(Optional.java:290)
	at org.openqa.selenium.support.ui.ExpectedConditions.findElement(ExpectedConditions.java:882)
	at org.openqa.selenium.support.ui.ExpectedConditions.access$000(ExpectedConditions.java:44)
	at org.openqa.selenium.support.ui.ExpectedConditions$7.apply(ExpectedConditions.java:206)
	at org.openqa.selenium.support.ui.ExpectedConditions$7.apply(ExpectedConditions.java:202)
	at org.openqa.selenium.support.ui.ExpectedConditions$22.apply(ExpectedConditions.java:644)
	at org.openqa.selenium.support.ui.ExpectedConditions$22.apply(ExpectedConditions.java:641)
	at org.openqa.selenium.support.ui.FluentWait.until(FluentWait.java:209)
	... 27 more
... Removed 25 stack frames]]>
    </failure>
  </testcase> <!-- UC002_CT007_PD002_6 -->
  <testcase name="UC002_CT007_PD002_7" time="29.271" classname="incluir_requisicao_pagamento_beneficiario.Teste_Inclui_Beneficiario">
    <failure type="org.openqa.selenium.TimeoutException" message="Expected condition failed: waiting for element to be clickable: By.xpath: .//*[@id=&amp;apos;tabGeral&amp;apos;]/ul/li[2]/a (tried for 10 second(s) with 2 SECONDS interval)">
      <![CDATA[org.openqa.selenium.TimeoutException: Expected condition failed: waiting for element to be clickable: By.xpath: .//*[@id='tabGeral']/ul/li[2]/a (tried for 10 second(s) with 2 SECONDS interval)
	at org.openqa.selenium.support.ui.FluentWait.timeoutException(FluentWait.java:264)
	at org.openqa.selenium.support.ui.FluentWait.until(FluentWait.java:232)
	at incluir_requisicao_pagamento_beneficiario.Pagina.novo(Pagina.java:70)
	at incluir_requisicao_pagamento_beneficiario.Teste_Inclui_Beneficiario.UC002_CT007_PD002_7(Teste_Inclui_Beneficiario.java:153)
Caused by: org.openqa.selenium.NoSuchElementException: Cannot locate an element using By.xpath: .//*[@id='tabGeral']/ul/li[2]/a
For documentation on this error, please visit: http://seleniumhq.org/exceptions/no_such_element.html
Build info: version: '3.5.3', revision: 'a88d25fe6b', time: '2017-08-29T12:42:44.417Z'
System info: host: 'D69659', ip: '10.8.3.117', os.name: 'Windows 7', os.arch: 'amd64', os.version: '6.1', java.version: '1.8.0_144'
Driver info: driver.version: unknown
	at org.openqa.selenium.support.ui.ExpectedConditions.lambda$findElement$0(ExpectedConditions.java:883)
	at java.util.Optional.orElseThrow(Optional.java:290)
	at org.openqa.selenium.support.ui.ExpectedConditions.findElement(ExpectedConditions.java:882)
	at org.openqa.selenium.support.ui.ExpectedConditions.access$000(ExpectedConditions.java:44)
	at org.openqa.selenium.support.ui.ExpectedConditions$7.apply(ExpectedConditions.java:206)
	at org.openqa.selenium.support.ui.ExpectedConditions$7.apply(ExpectedConditions.java:202)
	at org.openqa.selenium.support.ui.ExpectedConditions$22.apply(ExpectedConditions.java:644)
	at org.openqa.selenium.support.ui.ExpectedConditions$22.apply(ExpectedConditions.java:641)
	at org.openqa.selenium.support.ui.FluentWait.until(FluentWait.java:209)
	... 27 more
... Removed 25 stack frames]]>
    </failure>
  </testcase> <!-- UC002_CT007_PD002_7 -->
  <testcase name="UC002_CT008_PD002_1" time="15.25" classname="alterar_requisicao_pagamento_beneficiario.Teste_Altera_Beneficiario">
    <failure type="java.lang.AssertionError" message="404 Process not found">
      <![CDATA[java.lang.AssertionError: 404 Process not found
	at alterar_requisicao_pagamento_beneficiario.Teste_Altera_Beneficiario.UC002_CT008_PD002_1(Teste_Altera_Beneficiario.java:27)
... Removed 26 stack frames]]>
    </failure>
  </testcase> <!-- UC002_CT008_PD002_1 -->
  <testcase name="UC002_CT008_PD002_2" time="15.259" classname="alterar_requisicao_pagamento_beneficiario.Teste_Altera_Beneficiario">
    <failure type="java.lang.AssertionError" message="404 Process not found">
      <![CDATA[java.lang.AssertionError: 404 Process not found
	at alterar_requisicao_pagamento_beneficiario.Teste_Altera_Beneficiario.UC002_CT008_PD002_2(Teste_Altera_Beneficiario.java:41)
... Removed 26 stack frames]]>
    </failure>
  </testcase> <!-- UC002_CT008_PD002_2 -->
  <testcase name="UC002_CT008_PD002_3" time="15.108" classname="alterar_requisicao_pagamento_beneficiario.Teste_Altera_Beneficiario">
    <failure type="java.lang.AssertionError" message="404 Process not found">
      <![CDATA[java.lang.AssertionError: 404 Process not found
	at alterar_requisicao_pagamento_beneficiario.Teste_Altera_Beneficiario.UC002_CT008_PD002_3(Teste_Altera_Beneficiario.java:56)
... Removed 26 stack frames]]>
    </failure>
  </testcase> <!-- UC002_CT008_PD002_3 -->
  <testcase name="UC002_CT008_PD002_4" time="15.039" classname="alterar_requisicao_pagamento_beneficiario.Teste_Altera_Beneficiario">
    <failure type="java.lang.AssertionError" message="Processo nao pode ser alterado">
      <![CDATA[java.lang.AssertionError: Processo nao pode ser alterado
	at alterar_requisicao_pagamento_beneficiario.Teste_Altera_Beneficiario.UC002_CT008_PD002_4(Teste_Altera_Beneficiario.java:69)
... Removed 26 stack frames]]>
    </failure>
  </testcase> <!-- UC002_CT008_PD002_4 -->
  <testcase name="UC002_CT009_PD009_1" time="16.218" classname="incluir_requisicao_pagamento_terceiro_interessado.Teste_Inclui_Terceiros_Interessados">
    <failure type="java.lang.AssertionError" message="404 Process not found">
      <![CDATA[java.lang.AssertionError: 404 Process not found
	at incluir_requisicao_pagamento_terceiro_interessado.Teste_Inclui_Terceiros_Interessados.UC002_CT009_PD009_1(Teste_Inclui_Terceiros_Interessados.java:35)
... Removed 26 stack frames]]>
    </failure>
  </testcase> <!-- UC002_CT009_PD009_1 -->
  <testcase name="UC002_CT009_PD009_2" time="15.139" classname="incluir_requisicao_pagamento_terceiro_interessado.Teste_Inclui_Terceiros_Interessados">
    <failure type="java.lang.AssertionError" message="404 Process not found">
      <![CDATA[java.lang.AssertionError: 404 Process not found
	at incluir_requisicao_pagamento_terceiro_interessado.Teste_Inclui_Terceiros_Interessados.UC002_CT009_PD009_2(Teste_Inclui_Terceiros_Interessados.java:53)
... Removed 26 stack frames]]>
    </failure>
  </testcase> <!-- UC002_CT009_PD009_2 -->
  <testcase name="UC002_CT009_PD009_3" time="15.11" classname="incluir_requisicao_pagamento_terceiro_interessado.Teste_Inclui_Terceiros_Interessados">
    <failure type="java.lang.AssertionError" message="404 Process not found">
      <![CDATA[java.lang.AssertionError: 404 Process not found
	at incluir_requisicao_pagamento_terceiro_interessado.Teste_Inclui_Terceiros_Interessados.UC002_CT009_PD009_3(Teste_Inclui_Terceiros_Interessados.java:71)
... Removed 26 stack frames]]>
    </failure>
  </testcase> <!-- UC002_CT009_PD009_3 -->
  <testcase name="UC002_CT009_PD009_4" time="16.057" classname="incluir_requisicao_pagamento_terceiro_interessado.Teste_Inclui_Terceiros_Interessados">
    <failure type="java.lang.AssertionError" message="404 Process not found">
      <![CDATA[java.lang.AssertionError: 404 Process not found
	at incluir_requisicao_pagamento_terceiro_interessado.Teste_Inclui_Terceiros_Interessados.UC002_CT009_PD009_4(Teste_Inclui_Terceiros_Interessados.java:90)
... Removed 26 stack frames]]>
    </failure>
  </testcase> <!-- UC002_CT009_PD009_4 -->
  <testcase name="UC002_CT009_PD009_5" time="15.309" classname="incluir_requisicao_pagamento_terceiro_interessado.Teste_Inclui_Terceiros_Interessados">
    <failure type="java.lang.AssertionError" message="404 Process not found">
      <![CDATA[java.lang.AssertionError: 404 Process not found
	at incluir_requisicao_pagamento_terceiro_interessado.Teste_Inclui_Terceiros_Interessados.UC002_CT009_PD009_5(Teste_Inclui_Terceiros_Interessados.java:108)
... Removed 26 stack frames]]>
    </failure>
  </testcase> <!-- UC002_CT009_PD009_5 -->
  <testcase name="UC002_CT009_PD009_6" time="18.569" classname="incluir_requisicao_pagamento_terceiro_interessado.Teste_Inclui_Terceiros_Interessados">
    <failure type="org.openqa.selenium.TimeoutException" message="Expected condition failed: waiting for visibility of element located by By.xpath: /html/body/form[1]/div/ul/li[4]/a (tried for 10 second(s) with 2 SECONDS interval)">
      <![CDATA[org.openqa.selenium.TimeoutException: Expected condition failed: waiting for visibility of element located by By.xpath: /html/body/form[1]/div/ul/li[4]/a (tried for 10 second(s) with 2 SECONDS interval)
	at org.openqa.selenium.support.ui.FluentWait.timeoutException(FluentWait.java:264)
	at org.openqa.selenium.support.ui.FluentWait.until(FluentWait.java:232)
	at gep_pagamento_auxiliary.Helper.pageSearcher(Helper.java:88)
	at consultar_requisicao_pagamento.Pagina.novo(Pagina.java:34)
	at consultar_requisicao_pagamento.Teste_Consulta.consultar(Teste_Consulta.java:76)
	at incluir_requisicao_pagamento_terceiro_interessado.Teste_Inclui_Terceiros_Interessados.UC002_CT009_PD009_6(Teste_Inclui_Terceiros_Interessados.java:124)
Caused by: org.openqa.selenium.NoSuchElementException: Cannot locate an element using By.xpath: /html/body/form[1]/div/ul/li[4]/a
For documentation on this error, please visit: http://seleniumhq.org/exceptions/no_such_element.html
Build info: version: '3.5.3', revision: 'a88d25fe6b', time: '2017-08-29T12:42:44.417Z'
System info: host: 'D69659', ip: '10.8.3.117', os.name: 'Windows 7', os.arch: 'amd64', os.version: '6.1', java.version: '1.8.0_144'
Driver info: driver.version: unknown
	at org.openqa.selenium.support.ui.ExpectedConditions.lambda$findElement$0(ExpectedConditions.java:883)
	at java.util.Optional.orElseThrow(Optional.java:290)
	at org.openqa.selenium.support.ui.ExpectedConditions.findElement(ExpectedConditions.java:882)
	at org.openqa.selenium.support.ui.ExpectedConditions.access$000(ExpectedConditions.java:44)
	at org.openqa.selenium.support.ui.ExpectedConditions$7.apply(ExpectedConditions.java:206)
	at org.openqa.selenium.support.ui.ExpectedConditions$7.apply(ExpectedConditions.java:202)
	at org.openqa.selenium.support.ui.FluentWait.until(FluentWait.java:209)
	... 29 more
... Removed 25 stack frames]]>
    </failure>
  </testcase> <!-- UC002_CT009_PD009_6 -->
  <testcase name="UC002_CT009_PD009_7" time="15.142" classname="incluir_requisicao_pagamento_terceiro_interessado.Teste_Inclui_Terceiros_Interessados">
    <failure type="java.lang.AssertionError" message="404 Process not found">
      <![CDATA[java.lang.AssertionError: 404 Process not found
	at incluir_requisicao_pagamento_terceiro_interessado.Teste_Inclui_Terceiros_Interessados.UC002_CT009_PD009_7(Teste_Inclui_Terceiros_Interessados.java:142)
... Removed 26 stack frames]]>
    </failure>
  </testcase> <!-- UC002_CT009_PD009_7 -->
  <testcase name="UC002_CT009_PD009_8" time="15.204" classname="incluir_requisicao_pagamento_terceiro_interessado.Teste_Inclui_Terceiros_Interessados">
    <failure type="java.lang.AssertionError" message="404 Process not found">
      <![CDATA[java.lang.AssertionError: 404 Process not found
	at incluir_requisicao_pagamento_terceiro_interessado.Teste_Inclui_Terceiros_Interessados.UC002_CT009_PD009_8(Teste_Inclui_Terceiros_Interessados.java:159)
... Removed 26 stack frames]]>
    </failure>
  </testcase> <!-- UC002_CT009_PD009_8 -->
  <testcase name="UC002_CT0010_PD0010_2" time="15.065" classname="alterar_requisicao_pagamento_terceiro_interessado.Teste_Altera_Terceiros_Interessados">
    <failure type="java.lang.AssertionError" message="Processo nao pode ser alterado">
      <![CDATA[java.lang.AssertionError: Processo nao pode ser alterado
	at alterar_requisicao_pagamento_terceiro_interessado.Teste_Altera_Terceiros_Interessados.UC002_CT0010_PD0010_2(Teste_Altera_Terceiros_Interessados.java:43)
... Removed 26 stack frames]]>
    </failure>
  </testcase> <!-- UC002_CT0010_PD0010_2 -->
  <testcase name="UC002_CT010_PD010_1" time="15.028" classname="alterar_requisicao_pagamento_terceiro_interessado.Teste_Altera_Terceiros_Interessados">
    <failure type="java.lang.AssertionError" message="Processo nao pode ser alterado">
      <![CDATA[java.lang.AssertionError: Processo nao pode ser alterado
	at alterar_requisicao_pagamento_terceiro_interessado.Teste_Altera_Terceiros_Interessados.UC002_CT010_PD010_1(Teste_Altera_Terceiros_Interessados.java:30)
... Removed 26 stack frames]]>
    </failure>
  </testcase> <!-- UC002_CT010_PD010_1 -->
  <testcase name="UC002_CT012_PD012_1" time="0.0" classname="visualizar_requisicao_pagamento.Teste_Visualiza_Requisicao_Pagamento">
    <ignored/>
  </testcase> <!-- UC002_CT012_PD012_1 -->
  <testcase name="@AfterSuite afterSuite" time="0.0" classname="gep_pagamento_auxiliary.Report">
    <ignored/>
  </testcase> <!-- @AfterSuite afterSuite -->
  <testcase name="@AfterSuite afterSuite" time="0.0" classname="gep_pagamento_auxiliary.Report">
    <ignored/>
  </testcase> <!-- @AfterSuite afterSuite -->
  <testcase name="@AfterSuite afterSuite" time="0.0" classname="gep_pagamento_auxiliary.Report">
    <ignored/>
  </testcase> <!-- @AfterSuite afterSuite -->
  <testcase name="@AfterSuite afterSuite" time="0.0" classname="gep_pagamento_auxiliary.Report">
    <ignored/>
  </testcase> <!-- @AfterSuite afterSuite -->
  <testcase name="@AfterSuite afterSuite" time="0.0" classname="gep_pagamento_auxiliary.Report">
    <ignored/>
  </testcase> <!-- @AfterSuite afterSuite -->
  <testcase name="@AfterSuite afterSuite" time="0.0" classname="gep_pagamento_auxiliary.Report">
    <ignored/>
  </testcase> <!-- @AfterSuite afterSuite -->
  <testcase name="@AfterSuite afterSuite" time="0.0" classname="gep_pagamento_auxiliary.Report">
    <ignored/>
  </testcase> <!-- @AfterSuite afterSuite -->
  <testcase name="@AfterSuite afterSuite" time="0.0" classname="gep_pagamento_auxiliary.Report">
    <ignored/>
  </testcase> <!-- @AfterSuite afterSuite -->
  <testcase name="@AfterSuite afterSuite" time="0.0" classname="gep_pagamento_auxiliary.Report">
    <ignored/>
  </testcase> <!-- @AfterSuite afterSuite -->
  <testcase name="@AfterSuite afterSuite" time="0.0" classname="gep_pagamento_auxiliary.Report">
    <ignored/>
  </testcase> <!-- @AfterSuite afterSuite -->
  <testcase name="@BeforeSuite beforeSuite" time="0.0" classname="gep_pagamento_auxiliary.Report">
    <ignored/>
  </testcase> <!-- @BeforeSuite beforeSuite -->
  <testcase name="@BeforeSuite beforeSuite" time="0.0" classname="gep_pagamento_auxiliary.Report">
    <ignored/>
  </testcase> <!-- @BeforeSuite beforeSuite -->
  <testcase name="@BeforeSuite beforeSuite" time="0.0" classname="gep_pagamento_auxiliary.Report">
    <ignored/>
  </testcase> <!-- @BeforeSuite beforeSuite -->
  <testcase name="@BeforeSuite beforeSuite" time="0.0" classname="gep_pagamento_auxiliary.Report">
    <ignored/>
  </testcase> <!-- @BeforeSuite beforeSuite -->
  <testcase name="@BeforeSuite beforeSuite" time="0.0" classname="gep_pagamento_auxiliary.Report">
    <ignored/>
  </testcase> <!-- @BeforeSuite beforeSuite -->
  <testcase name="@BeforeSuite beforeSuite" time="0.0" classname="gep_pagamento_auxiliary.Report">
    <ignored/>
  </testcase> <!-- @BeforeSuite beforeSuite -->
  <testcase name="@BeforeSuite beforeSuite" time="0.0" classname="gep_pagamento_auxiliary.Report">
    <ignored/>
  </testcase> <!-- @BeforeSuite beforeSuite -->
  <testcase name="@BeforeSuite beforeSuite" time="0.0" classname="gep_pagamento_auxiliary.Report">
    <ignored/>
  </testcase> <!-- @BeforeSuite beforeSuite -->
  <testcase name="@BeforeSuite beforeSuite" time="0.0" classname="gep_pagamento_auxiliary.Report">
    <ignored/>
  </testcase> <!-- @BeforeSuite beforeSuite -->
  <testcase name="@BeforeSuite beforeSuite" time="0.0" classname="gep_pagamento_auxiliary.Report">
    <ignored/>
  </testcase> <!-- @BeforeSuite beforeSuite -->
  <testcase name="incluir_Advogado" time="0.0" classname="incluir_requisicao_pagamento_beneficiario.Teste_Inclui_Beneficiario">
    <ignored/>
  </testcase> <!-- incluir_Advogado -->
</testsuite> <!-- Regression testing -->
