<?xml version="1.0" encoding="UTF-8"?>
<!-- Generated by org.testng.reporters.JUnitXMLReporter -->
<testsuite hostname="D69659" ignored="62" name="Smokink testing" tests="11" failures="2" timestamp="19 Oct 2017 14:25:59 GMT" time="287.602" errors="0">
  <testcase name="UC002_CT002_PD002_1" time="26.783" classname="incluir_requisicao_pagamento.Teste_inclui_requisicao_pagamento"/>
  <testcase name="UC002_CT005_PD001_1" time="15.23" classname="visualizar_Informacoes_resumidas_requisicao_pagamento.Teste_Visualiza"/>
  <testcase name="UC002_CT006_PD006_1" time="17.025" classname="visualizar_detalhes_historicos_requisicao_pagamento.Teste_Visualiza_Detalhes">
    <failure type="org.openqa.selenium.NoSuchElementException" message="Unable to locate element: .//*[@id=&amp;apos;j_idt124&amp;apos;]/tbody
For documentation on this error, please visit: http://seleniumhq.org/exceptions/no_such_element.html
Build info: version: &amp;apos;3.5.3&amp;apos;, revision: &amp;apos;a88d25fe6b&amp;apos;, time: &amp;apos;2017-08-29T12:54:15.039Z&amp;apos;
System info: host: &amp;apos;D69659&amp;apos;, ip: &amp;apos;10.8.3.117&amp;apos;, os.name: &amp;apos;Windows 7&amp;apos;, os.arch: &amp;apos;amd64&amp;apos;, os.version: &amp;apos;6.1&amp;apos;, java.version: &amp;apos;1.8.0_144&amp;apos;
Driver info: org.openqa.selenium.firefox.FirefoxDriver
Capabilities [{moz:profile=C:\Users\015780~1\AppData\Local\Temp\rust_mozprofile.3xwkAXBCbX7l, rotatable=false, timeouts={implicit=0, pageLoad=300000, script=30000}, pageLoadStrategy=normal, platform=XP, specificationLevel=0, moz:accessibilityChecks=false, acceptInsecureCerts=false, browserVersion=55.0.3, platformVersion=6.1, moz:processID=17676, browserName=firefox, javascriptEnabled=true, platformName=XP}]
Session ID: 2509ffa6-c738-4278-b654-a77107e16076
*** Element info: {Using=xpath, value=.//*[@id=&amp;apos;j_idt124&amp;apos;]/tbody}">
      <![CDATA[org.openqa.selenium.NoSuchElementException: Unable to locate element: .//*[@id='j_idt124']/tbody
For documentation on this error, please visit: http://seleniumhq.org/exceptions/no_such_element.html
Build info: version: '3.5.3', revision: 'a88d25fe6b', time: '2017-08-29T12:54:15.039Z'
System info: host: 'D69659', ip: '10.8.3.117', os.name: 'Windows 7', os.arch: 'amd64', os.version: '6.1', java.version: '1.8.0_144'
Driver info: org.openqa.selenium.firefox.FirefoxDriver
Capabilities [{moz:profile=C:\Users\015780~1\AppData\Local\Temp\rust_mozprofile.3xwkAXBCbX7l, rotatable=false, timeouts={implicit=0, pageLoad=300000, script=30000}, pageLoadStrategy=normal, platform=XP, specificationLevel=0, moz:accessibilityChecks=false, acceptInsecureCerts=false, browserVersion=55.0.3, platformVersion=6.1, moz:processID=17676, browserName=firefox, javascriptEnabled=true, platformName=XP}]
Session ID: 2509ffa6-c738-4278-b654-a77107e16076
*** Element info: {Using=xpath, value=.//*[@id='j_idt124']/tbody}
	at org.openqa.selenium.remote.http.W3CHttpResponseCodec.createException(W3CHttpResponseCodec.java:185)
	at org.openqa.selenium.remote.http.W3CHttpResponseCodec.decode(W3CHttpResponseCodec.java:120)
	at org.openqa.selenium.remote.http.W3CHttpResponseCodec.decode(W3CHttpResponseCodec.java:49)
	at org.openqa.selenium.remote.HttpCommandExecutor.execute(HttpCommandExecutor.java:164)
	at org.openqa.selenium.remote.service.DriverCommandExecutor.execute(DriverCommandExecutor.java:82)
	at org.openqa.selenium.remote.RemoteWebDriver.execute(RemoteWebDriver.java:646)
	at org.openqa.selenium.remote.RemoteWebDriver.findElement(RemoteWebDriver.java:416)
	at org.openqa.selenium.remote.RemoteWebDriver.findElementByXPath(RemoteWebDriver.java:518)
	at org.openqa.selenium.By$ByXPath.findElement(By.java:361)
	at org.openqa.selenium.remote.RemoteWebDriver.findElement(RemoteWebDriver.java:408)
	at gep_pagamento_auxiliary.Helper.getTextAndValueFromTable(Helper.java:346)
	at visualizar_detalhes_historicos_requisicao_pagamento.Pagina.resultado(Pagina.java:125)
	at visualizar_detalhes_historicos_requisicao_pagamento.Teste_Visualiza_Detalhes.UC002_CT006_PD006_1(Teste_Visualiza_Detalhes.java:30)
... Removed 29 stack frames]]>
    </failure>
  </testcase> <!-- UC002_CT006_PD006_1 -->
  <testcase name="UC002_CT003_PD003_1" time="31.884" classname="alterar_requisicao_pagamento_dados_processo.Teste_Altera_Dados_Processo"/>
  <testcase name="UC002_CT007_PD002_1" time="30.076" classname="incluir_requisicao_pagamento_beneficiario.Teste_Inclui_Beneficiario"/>
  <testcase name="UC002_CT008_PD002_1" time="20.194" classname="alterar_requisicao_pagamento_beneficiario.Teste_Altera_Beneficiario"/>
  <testcase name="UC002_CT009_PD009_1" time="20.117" classname="incluir_requisicao_pagamento_terceiro_interessado.Teste_Inclui_Terceiros_Interessados"/>
  <testcase name="UC002_CT012_PD012_1" time="32.596" classname="visualizar_requisicao_pagamento.Teste_Visualiza_Requisicao_Pagamento">
    <failure type="org.openqa.selenium.TimeoutException" message="Expected condition failed: waiting for presence of element located by: By.xpath: /html/body/div[4]/div/div/div/form/div/div/div[2]/fieldset[1]/legend (tried for 10 second(s) with 2 SECONDS interval)">
      <![CDATA[org.openqa.selenium.TimeoutException: Expected condition failed: waiting for presence of element located by: By.xpath: /html/body/div[4]/div/div/div/form/div/div/div[2]/fieldset[1]/legend (tried for 10 second(s) with 2 SECONDS interval)
	at org.openqa.selenium.support.ui.FluentWait.timeoutException(FluentWait.java:264)
	at org.openqa.selenium.support.ui.FluentWait.until(FluentWait.java:232)
	at visualizar_requisicao_pagamento.Pagina.resultado(Pagina.java:137)
	at visualizar_requisicao_pagamento.Teste_Visualiza_Requisicao_Pagamento.UC002_CT012_PD012_1(Teste_Visualiza_Requisicao_Pagamento.java:27)
Caused by: org.openqa.selenium.NoSuchElementException: Cannot locate an element using By.xpath: /html/body/div[4]/div/div/div/form/div/div/div[2]/fieldset[1]/legend
For documentation on this error, please visit: http://seleniumhq.org/exceptions/no_such_element.html
Build info: version: '3.5.3', revision: 'a88d25fe6b', time: '2017-08-29T12:54:15.039Z'
System info: host: 'D69659', ip: '10.8.3.117', os.name: 'Windows 7', os.arch: 'amd64', os.version: '6.1', java.version: '1.8.0_144'
Driver info: driver.version: unknown
	at org.openqa.selenium.support.ui.ExpectedConditions.lambda$findElement$0(ExpectedConditions.java:883)
	at java.util.Optional.orElseThrow(Optional.java:290)
	at org.openqa.selenium.support.ui.ExpectedConditions.findElement(ExpectedConditions.java:882)
	at org.openqa.selenium.support.ui.ExpectedConditions.access$000(ExpectedConditions.java:44)
	at org.openqa.selenium.support.ui.ExpectedConditions$6.apply(ExpectedConditions.java:183)
	at org.openqa.selenium.support.ui.ExpectedConditions$6.apply(ExpectedConditions.java:180)
	at org.openqa.selenium.support.ui.FluentWait.until(FluentWait.java:209)
	... 27 more
... Removed 25 stack frames]]>
    </failure>
  </testcase> <!-- UC002_CT012_PD012_1 -->
  <testcase name="UC002_CT010_PD010_1" time="17.321" classname="alterar_requisicao_pagamento_terceiro_interessado.Teste_Altera_Terceiros_Interessados"/>
  <testcase name="UC002_CT001_PD001_1" time="15.499" classname="consultar_requisicao_pagamento.Teste_Consulta"/>
  <testcase name="UC002_CT004_PD004_1" time="16.384" classname="excluir_requisicao_pagamento.Teste_Exclui"/>
  <testcase name="UC002_CT009_PD009_2" time="0.0" classname="incluir_requisicao_pagamento_terceiro_interessado.Teste_Inclui_Terceiros_Interessados">
    <ignored/>
  </testcase> <!-- UC002_CT009_PD009_2 -->
  <testcase name="@AfterSuite afterSuite" time="0.0" classname="gep_pagamento_auxiliary.Report">
    <ignored/>
  </testcase> <!-- @AfterSuite afterSuite -->
  <testcase name="UC002_CT007_PD002_4" time="0.0" classname="incluir_requisicao_pagamento_beneficiario.Teste_Inclui_Beneficiario">
    <ignored/>
  </testcase> <!-- UC002_CT007_PD002_4 -->
  <testcase name="@AfterSuite afterSuite" time="0.0" classname="gep_pagamento_auxiliary.Report">
    <ignored/>
  </testcase> <!-- @AfterSuite afterSuite -->
  <testcase name="@AfterSuite afterSuite" time="0.0" classname="gep_pagamento_auxiliary.Report">
    <ignored/>
  </testcase> <!-- @AfterSuite afterSuite -->
  <testcase name="@AfterSuite afterSuite" time="0.0" classname="gep_pagamento_auxiliary.Report">
    <ignored/>
  </testcase> <!-- @AfterSuite afterSuite -->
  <testcase name="@AfterSuite afterSuite" time="0.0" classname="gep_pagamento_auxiliary.Report">
    <ignored/>
  </testcase> <!-- @AfterSuite afterSuite -->
  <testcase name="@AfterSuite afterSuite" time="0.0" classname="gep_pagamento_auxiliary.Report">
    <ignored/>
  </testcase> <!-- @AfterSuite afterSuite -->
  <testcase name="@AfterSuite afterSuite" time="0.0" classname="gep_pagamento_auxiliary.Report">
    <ignored/>
  </testcase> <!-- @AfterSuite afterSuite -->
  <testcase name="@AfterSuite afterSuite" time="0.0" classname="gep_pagamento_auxiliary.Report">
    <ignored/>
  </testcase> <!-- @AfterSuite afterSuite -->
  <testcase name="@AfterSuite afterSuite" time="0.0" classname="gep_pagamento_auxiliary.Report">
    <ignored/>
  </testcase> <!-- @AfterSuite afterSuite -->
  <testcase name="@AfterSuite afterSuite" time="0.0" classname="gep_pagamento_auxiliary.Report">
    <ignored/>
  </testcase> <!-- @AfterSuite afterSuite -->
  <testcase name="UC002_CT005_PD001_2" time="0.0" classname="visualizar_Informacoes_resumidas_requisicao_pagamento.Teste_Visualiza">
    <ignored/>
  </testcase> <!-- UC002_CT005_PD001_2 -->
  <testcase name="UC002_CT005_PD001_3" time="0.0" classname="visualizar_Informacoes_resumidas_requisicao_pagamento.Teste_Visualiza">
    <ignored/>
  </testcase> <!-- UC002_CT005_PD001_3 -->
  <testcase name="UC002_CT007_PD002_2" time="0.0" classname="incluir_requisicao_pagamento_beneficiario.Teste_Inclui_Beneficiario">
    <ignored/>
  </testcase> <!-- UC002_CT007_PD002_2 -->
  <testcase name="UC002_CT007_PD002_3" time="0.0" classname="incluir_requisicao_pagamento_beneficiario.Teste_Inclui_Beneficiario">
    <ignored/>
  </testcase> <!-- UC002_CT007_PD002_3 -->
  <testcase name="UC002_CT009_PD009_5" time="0.0" classname="incluir_requisicao_pagamento_terceiro_interessado.Teste_Inclui_Terceiros_Interessados">
    <ignored/>
  </testcase> <!-- UC002_CT009_PD009_5 -->
  <testcase name="UC002_CT003_PD003_3" time="0.0" classname="alterar_requisicao_pagamento_dados_processo.Teste_Altera_Dados_Processo">
    <ignored/>
  </testcase> <!-- UC002_CT003_PD003_3 -->
  <testcase name="UC002_CT0010_PD0010_2" time="0.0" classname="alterar_requisicao_pagamento_terceiro_interessado.Teste_Altera_Terceiros_Interessados">
    <ignored/>
  </testcase> <!-- UC002_CT0010_PD0010_2 -->
  <testcase name="UC002_CT009_PD009_7" time="0.0" classname="incluir_requisicao_pagamento_terceiro_interessado.Teste_Inclui_Terceiros_Interessados">
    <ignored/>
  </testcase> <!-- UC002_CT009_PD009_7 -->
  <testcase name="UC002_CT009_PD009_4" time="0.0" classname="incluir_requisicao_pagamento_terceiro_interessado.Teste_Inclui_Terceiros_Interessados">
    <ignored/>
  </testcase> <!-- UC002_CT009_PD009_4 -->
  <testcase name="UC002_CT003_PD003_4" time="0.0" classname="alterar_requisicao_pagamento_dados_processo.Teste_Altera_Dados_Processo">
    <ignored/>
  </testcase> <!-- UC002_CT003_PD003_4 -->
  <testcase name="UC002_CT003_PD003_7" time="0.0" classname="alterar_requisicao_pagamento_dados_processo.Teste_Altera_Dados_Processo">
    <ignored/>
  </testcase> <!-- UC002_CT003_PD003_7 -->
  <testcase name="UC002_CT009_PD009_6" time="0.0" classname="incluir_requisicao_pagamento_terceiro_interessado.Teste_Inclui_Terceiros_Interessados">
    <ignored/>
  </testcase> <!-- UC002_CT009_PD009_6 -->
  <testcase name="UC002_CT003_PD003_2" time="0.0" classname="alterar_requisicao_pagamento_dados_processo.Teste_Altera_Dados_Processo">
    <ignored/>
  </testcase> <!-- UC002_CT003_PD003_2 -->
  <testcase name="UC002_CT003_PD003_5" time="0.0" classname="alterar_requisicao_pagamento_dados_processo.Teste_Altera_Dados_Processo">
    <ignored/>
  </testcase> <!-- UC002_CT003_PD003_5 -->
  <testcase name="UC002_CT009_PD009_8" time="0.0" classname="incluir_requisicao_pagamento_terceiro_interessado.Teste_Inclui_Terceiros_Interessados">
    <ignored/>
  </testcase> <!-- UC002_CT009_PD009_8 -->
  <testcase name="@BeforeSuite beforeSuite" time="0.0" classname="gep_pagamento_auxiliary.Report">
    <ignored/>
  </testcase> <!-- @BeforeSuite beforeSuite -->
  <testcase name="@BeforeSuite beforeSuite" time="0.0" classname="gep_pagamento_auxiliary.Report">
    <ignored/>
  </testcase> <!-- @BeforeSuite beforeSuite -->
  <testcase name="@BeforeSuite beforeSuite" time="0.0" classname="gep_pagamento_auxiliary.Report">
    <ignored/>
  </testcase> <!-- @BeforeSuite beforeSuite -->
  <testcase name="@BeforeSuite beforeSuite" time="0.0" classname="gep_pagamento_auxiliary.Report">
    <ignored/>
  </testcase> <!-- @BeforeSuite beforeSuite -->
  <testcase name="@BeforeSuite beforeSuite" time="0.0" classname="gep_pagamento_auxiliary.Report">
    <ignored/>
  </testcase> <!-- @BeforeSuite beforeSuite -->
  <testcase name="@BeforeSuite beforeSuite" time="0.0" classname="gep_pagamento_auxiliary.Report">
    <ignored/>
  </testcase> <!-- @BeforeSuite beforeSuite -->
  <testcase name="@BeforeSuite beforeSuite" time="0.0" classname="gep_pagamento_auxiliary.Report">
    <ignored/>
  </testcase> <!-- @BeforeSuite beforeSuite -->
  <testcase name="@BeforeSuite beforeSuite" time="0.0" classname="gep_pagamento_auxiliary.Report">
    <ignored/>
  </testcase> <!-- @BeforeSuite beforeSuite -->
  <testcase name="@BeforeSuite beforeSuite" time="0.0" classname="gep_pagamento_auxiliary.Report">
    <ignored/>
  </testcase> <!-- @BeforeSuite beforeSuite -->
  <testcase name="@BeforeSuite beforeSuite" time="0.0" classname="gep_pagamento_auxiliary.Report">
    <ignored/>
  </testcase> <!-- @BeforeSuite beforeSuite -->
  <testcase name="UC002_CT003_PD003_6" time="0.0" classname="alterar_requisicao_pagamento_dados_processo.Teste_Altera_Dados_Processo">
    <ignored/>
  </testcase> <!-- UC002_CT003_PD003_6 -->
  <testcase name="UC002_CT009_PD009_3" time="0.0" classname="incluir_requisicao_pagamento_terceiro_interessado.Teste_Inclui_Terceiros_Interessados">
    <ignored/>
  </testcase> <!-- UC002_CT009_PD009_3 -->
  <testcase name="UC002_CT008_PD002_2" time="0.0" classname="alterar_requisicao_pagamento_beneficiario.Teste_Altera_Beneficiario">
    <ignored/>
  </testcase> <!-- UC002_CT008_PD002_2 -->
  <testcase name="UC002_CT008_PD002_3" time="0.0" classname="alterar_requisicao_pagamento_beneficiario.Teste_Altera_Beneficiario">
    <ignored/>
  </testcase> <!-- UC002_CT008_PD002_3 -->
  <testcase name="UC002_CT002_PD001_2" time="0.0" classname="consultar_requisicao_pagamento.Teste_Consulta">
    <ignored/>
  </testcase> <!-- UC002_CT002_PD001_2 -->
  <testcase name="UC002_CT004_PD004_6" time="0.0" classname="excluir_requisicao_pagamento.Teste_Exclui">
    <ignored/>
  </testcase> <!-- UC002_CT004_PD004_6 -->
  <testcase name="UC002_CT004_PD004_4" time="0.0" classname="excluir_requisicao_pagamento.Teste_Exclui">
    <ignored/>
  </testcase> <!-- UC002_CT004_PD004_4 -->
  <testcase name="UC002_CT004_PD004_3" time="0.0" classname="excluir_requisicao_pagamento.Teste_Exclui">
    <ignored/>
  </testcase> <!-- UC002_CT004_PD004_3 -->
  <testcase name="UC002_CT004_PD004_2" time="0.0" classname="excluir_requisicao_pagamento.Teste_Exclui">
    <ignored/>
  </testcase> <!-- UC002_CT004_PD004_2 -->
  <testcase name="UC002_CT004_PD004_5" time="0.0" classname="excluir_requisicao_pagamento.Teste_Exclui">
    <ignored/>
  </testcase> <!-- UC002_CT004_PD004_5 -->
  <testcase name="UC002_CT008_PD002_4" time="0.0" classname="alterar_requisicao_pagamento_beneficiario.Teste_Altera_Beneficiario">
    <ignored/>
  </testcase> <!-- UC002_CT008_PD002_4 -->
  <testcase name="incluir_Advogado" time="0.0" classname="incluir_requisicao_pagamento_beneficiario.Teste_Inclui_Beneficiario">
    <ignored/>
  </testcase> <!-- incluir_Advogado -->
  <testcase name="UC002_CT002_PD002_7" time="0.0" classname="incluir_requisicao_pagamento.Teste_inclui_requisicao_pagamento">
    <ignored/>
  </testcase> <!-- UC002_CT002_PD002_7 -->
  <testcase name="UC002_CT003_PD003_8" time="0.0" classname="alterar_requisicao_pagamento_dados_processo.Teste_Altera_Dados_Processo">
    <ignored/>
  </testcase> <!-- UC002_CT003_PD003_8 -->
  <testcase name="UC002_CT001_PD001_3" time="0.0" classname="consultar_requisicao_pagamento.Teste_Consulta">
    <ignored/>
  </testcase> <!-- UC002_CT001_PD001_3 -->
  <testcase name="UC002_CT003_PD003_9" time="0.0" classname="alterar_requisicao_pagamento_dados_processo.Teste_Altera_Dados_Processo">
    <ignored/>
  </testcase> <!-- UC002_CT003_PD003_9 -->
  <testcase name="UC002_CT007_PD002_6" time="0.0" classname="incluir_requisicao_pagamento_beneficiario.Teste_Inclui_Beneficiario">
    <ignored/>
  </testcase> <!-- UC002_CT007_PD002_6 -->
  <testcase name="UC002_CT002_PD002_2" time="0.0" classname="incluir_requisicao_pagamento.Teste_inclui_requisicao_pagamento">
    <ignored/>
  </testcase> <!-- UC002_CT002_PD002_2 -->
  <testcase name="UC002_CT002_PD002_5" time="0.0" classname="incluir_requisicao_pagamento.Teste_inclui_requisicao_pagamento">
    <ignored/>
  </testcase> <!-- UC002_CT002_PD002_5 -->
  <testcase name="UC002_CT007_PD002_5" time="0.0" classname="incluir_requisicao_pagamento_beneficiario.Teste_Inclui_Beneficiario">
    <ignored/>
  </testcase> <!-- UC002_CT007_PD002_5 -->
  <testcase name="UC002_CT002_PD002_4" time="0.0" classname="incluir_requisicao_pagamento.Teste_inclui_requisicao_pagamento">
    <ignored/>
  </testcase> <!-- UC002_CT002_PD002_4 -->
  <testcase name="UC002_CT002_PD002_6" time="0.0" classname="incluir_requisicao_pagamento.Teste_inclui_requisicao_pagamento">
    <ignored/>
  </testcase> <!-- UC002_CT002_PD002_6 -->
  <testcase name="UC002_CT002_PD002_9" time="0.0" classname="incluir_requisicao_pagamento.Teste_inclui_requisicao_pagamento">
    <ignored/>
  </testcase> <!-- UC002_CT002_PD002_9 -->
  <testcase name="UC002_CT002_PD002_8" time="0.0" classname="incluir_requisicao_pagamento.Teste_inclui_requisicao_pagamento">
    <ignored/>
  </testcase> <!-- UC002_CT002_PD002_8 -->
  <testcase name="UC002_CT002_PD002_3" time="0.0" classname="incluir_requisicao_pagamento.Teste_inclui_requisicao_pagamento">
    <ignored/>
  </testcase> <!-- UC002_CT002_PD002_3 -->
</testsuite> <!-- Smokink testing -->
