<?xml version="1.0" encoding="UTF-8"?>
<!-- Generated by org.testng.reporters.JUnitXMLReporter -->
<testsuite hostname="D69659" ignored="0" name="Default test" tests="6" failures="1" timestamp="18 Dec 2017 12:08:38 GMT" time="121.648" errors="0">
  <testcase name="UC002_CT004_PD004_1" time="16.021" classname="excluir_requisicao_pagamento.Teste_Exclui"/>
  <testcase name="UC002_CT004_PD004_2" time="15.588" classname="excluir_requisicao_pagamento.Teste_Exclui"/>
  <testcase name="UC002_CT004_PD004_3" time="15.877" classname="excluir_requisicao_pagamento.Teste_Exclui"/>
  <testcase name="UC002_CT004_PD004_4" time="15.871" classname="excluir_requisicao_pagamento.Teste_Exclui"/>
  <testcase name="UC002_CT004_PD004_5" time="0.505" classname="excluir_requisicao_pagamento.Teste_Exclui">
    <failure type="org.openqa.selenium.UnhandledAlertException" message=": 
Build info: version: &amp;apos;3.5.3&amp;apos;, revision: &amp;apos;a88d25fe6b&amp;apos;, time: &amp;apos;2017-08-29T12:42:44.417Z&amp;apos;
System info: host: &amp;apos;D69659&amp;apos;, ip: &amp;apos;10.8.3.117&amp;apos;, os.name: &amp;apos;Windows 7&amp;apos;, os.arch: &amp;apos;amd64&amp;apos;, os.version: &amp;apos;6.1&amp;apos;, java.version: &amp;apos;1.8.0_144&amp;apos;
Driver info: org.openqa.selenium.firefox.FirefoxDriver
Capabilities [{moz:profile=C:\Users\015780~1\AppData\Local\Temp\rust_mozprofile.CbAsprXTkDbB, rotatable=false, timeouts={implicit=0, pageLoad=300000, script=30000}, pageLoadStrategy=normal, platform=XP, specificationLevel=0, moz:accessibilityChecks=false, acceptInsecureCerts=true, browserVersion=55.0.3, platformVersion=6.1, moz:processID=1812, browserName=firefox, javascriptEnabled=true, platformName=XP}]
Session ID: 69223b89-2143-4098-b752-6c0b91201b5e">
      <![CDATA[org.openqa.selenium.UnhandledAlertException: : 
Build info: version: '3.5.3', revision: 'a88d25fe6b', time: '2017-08-29T12:42:44.417Z'
System info: host: 'D69659', ip: '10.8.3.117', os.name: 'Windows 7', os.arch: 'amd64', os.version: '6.1', java.version: '1.8.0_144'
Driver info: org.openqa.selenium.firefox.FirefoxDriver
Capabilities [{moz:profile=C:\Users\015780~1\AppData\Local\Temp\rust_mozprofile.CbAsprXTkDbB, rotatable=false, timeouts={implicit=0, pageLoad=300000, script=30000}, pageLoadStrategy=normal, platform=XP, specificationLevel=0, moz:accessibilityChecks=false, acceptInsecureCerts=true, browserVersion=55.0.3, platformVersion=6.1, moz:processID=1812, browserName=firefox, javascriptEnabled=true, platformName=XP}]
Session ID: 69223b89-2143-4098-b752-6c0b91201b5e
	at org.openqa.selenium.remote.http.W3CHttpResponseCodec.decode(W3CHttpResponseCodec.java:118)
	at org.openqa.selenium.remote.http.W3CHttpResponseCodec.decode(W3CHttpResponseCodec.java:49)
	at org.openqa.selenium.remote.HttpCommandExecutor.execute(HttpCommandExecutor.java:164)
	at org.openqa.selenium.remote.service.DriverCommandExecutor.execute(DriverCommandExecutor.java:82)
	at org.openqa.selenium.remote.RemoteWebDriver.execute(RemoteWebDriver.java:646)
	at org.openqa.selenium.remote.RemoteWebDriver.execute(RemoteWebDriver.java:703)
	at org.openqa.selenium.remote.RemoteWebDriver$RemoteWebDriverOptions$RemoteWindow.maximize(RemoteWebDriver.java:934)
	at gep_pagamento_auxiliary.Helper.pageSearcher(Helper.java:63)
	at consultar_requisicao_pagamento.Pagina.novo(Pagina.java:34)
	at consultar_requisicao_pagamento.Teste_Consulta.consultar(Teste_Consulta.java:76)
	at excluir_requisicao_pagamento.Teste_Exclui.UC002_CT004_PD004_5(Teste_Exclui.java:82)
	at sun.reflect.NativeMethodAccessorImpl.invoke0(Native Method)
	at sun.reflect.NativeMethodAccessorImpl.invoke(NativeMethodAccessorImpl.java:62)
	at sun.reflect.DelegatingMethodAccessorImpl.invoke(DelegatingMethodAccessorImpl.java:43)
	at java.lang.reflect.Method.invoke(Method.java:498)
	at org.testng.internal.MethodInvocationHelper.invokeMethod(MethodInvocationHelper.java:108)
	at org.testng.internal.Invoker.invokeMethod(Invoker.java:661)
	at org.testng.internal.Invoker.invokeTestMethod(Invoker.java:869)
	at org.testng.internal.Invoker.invokeTestMethods(Invoker.java:1193)
	at org.testng.internal.TestMethodWorker.invokeTestMethods(TestMethodWorker.java:126)
	at org.testng.internal.TestMethodWorker.run(TestMethodWorker.java:109)
	at org.testng.TestRunner.privateRun(TestRunner.java:744)
	at org.testng.TestRunner.run(TestRunner.java:602)
	at org.testng.SuiteRunner.runTest(SuiteRunner.java:380)
	at org.testng.SuiteRunner.runSequentially(SuiteRunner.java:375)
	at org.testng.SuiteRunner.privateRun(SuiteRunner.java:340)
	at org.testng.SuiteRunner.run(SuiteRunner.java:289)
	at org.testng.SuiteRunnerWorker.runSuite(SuiteRunnerWorker.java:52)
	at org.testng.SuiteRunnerWorker.run(SuiteRunnerWorker.java:86)
	at org.testng.TestNG.runSuitesSequentially(TestNG.java:1301)
	at org.testng.TestNG.runSuitesLocally(TestNG.java:1226)
	at org.testng.TestNG.runSuites(TestNG.java:1144)
	at org.testng.TestNG.run(TestNG.java:1115)
	at org.testng.remote.AbstractRemoteTestNG.run(AbstractRemoteTestNG.java:114)
	at org.testng.remote.RemoteTestNG.initAndRun(RemoteTestNG.java:251)
	at org.testng.remote.RemoteTestNG.main(RemoteTestNG.java:77)
]]>
    </failure>
  </testcase> <!-- UC002_CT004_PD004_5 -->
  <testcase name="UC002_CT004_PD004_6" time="15.861" classname="excluir_requisicao_pagamento.Teste_Exclui"/>
</testsuite> <!-- Default test -->
