<?xml version="1.0" encoding="UTF-8"?>
<!-- Generated by org.testng.reporters.JUnitXMLReporter -->
<testsuite hostname="D69659" ignored="65" name="Smoke_testing" tests="15" failures="11" timestamp="07 Dec 2017 14:34:59 GMT" time="466.223" errors="0">
  <testcase name="UC002_CT002_PD002_1" time="28.882" classname="incluir_requisicao_pagamento.Teste_inclui_requisicao_pagamento"/>
  <testcase name="UC002_CT002_PD002_10" time="26.431" classname="incluir_requisicao_pagamento.Teste_inclui_requisicao_pagamento"/>
  <testcase name="UC002_CT005_PD001_1" time="15.391" classname="visualizar_Informacoes_resumidas_requisicao_pagamento.Teste_Visualiza"/>
  <testcase name="UC002_CT006_PD006_1" time="16.64" classname="visualizar_detalhes_historicos_requisicao_pagamento.Teste_Visualiza_Detalhes"/>
  <testcase name="UC002_CT003_PD003_1" time="22.064" classname="alterar_requisicao_pagamento_dados_processo.Teste_Altera_Dados_Processo">
    <failure type="org.openqa.selenium.TimeoutException" message="Expected condition failed: waiting for element to be clickable: By.xpath: .//*[@id=&amp;apos;tabGeral&amp;apos;]/ul/li[1]/a (tried for 6 second(s) with 2 SECONDS interval)">
      <![CDATA[org.openqa.selenium.TimeoutException: Expected condition failed: waiting for element to be clickable: By.xpath: .//*[@id='tabGeral']/ul/li[1]/a (tried for 6 second(s) with 2 SECONDS interval)
	at org.openqa.selenium.support.ui.FluentWait.timeoutException(FluentWait.java:264)
	at org.openqa.selenium.support.ui.FluentWait.until(FluentWait.java:232)
	at alterar_requisicao_pagamento_dados_processo.Pagina.novo(Pagina.java:40)
	at alterar_requisicao_pagamento_dados_processo.Teste_Altera_Dados_Processo.UC002_CT003_PD003_1(Teste_Altera_Dados_Processo.java:34)
Caused by: org.openqa.selenium.NoSuchElementException: Cannot locate an element using By.xpath: .//*[@id='tabGeral']/ul/li[1]/a
For documentation on this error, please visit: http://seleniumhq.org/exceptions/no_such_element.html
Build info: version: '3.5.3', revision: 'a88d25fe6b', time: '2017-08-29T12:42:44.417Z'
System info: host: 'D69659', ip: '10.8.3.117', os.name: 'Windows 7', os.arch: 'amd64', os.version: '6.1', java.version: '1.8.0_144'
Driver info: driver.version: unknown
	at org.openqa.selenium.support.ui.ExpectedConditions.lambda$findElement$0(ExpectedConditions.java:883)
	at java.util.Optional.orElseThrow(Optional.java:290)
	at org.openqa.selenium.support.ui.ExpectedConditions.findElement(ExpectedConditions.java:882)
	at org.openqa.selenium.support.ui.ExpectedConditions.access$000(ExpectedConditions.java:44)
	at org.openqa.selenium.support.ui.ExpectedConditions$7.apply(ExpectedConditions.java:206)
	at org.openqa.selenium.support.ui.ExpectedConditions$7.apply(ExpectedConditions.java:202)
	at org.openqa.selenium.support.ui.ExpectedConditions$22.apply(ExpectedConditions.java:644)
	at org.openqa.selenium.support.ui.ExpectedConditions$22.apply(ExpectedConditions.java:641)
	at org.openqa.selenium.support.ui.FluentWait.until(FluentWait.java:209)
	... 27 more
... Removed 25 stack frames]]>
    </failure>
  </testcase> <!-- UC002_CT003_PD003_1 -->
  <testcase name="UC002_CT007_PD002_1" time="27.651" classname="incluir_requisicao_pagamento_beneficiario.Teste_Inclui_Beneficiario">
    <failure type="org.openqa.selenium.TimeoutException" message="Expected condition failed: waiting for element to be clickable: By.xpath: .//*[@id=&amp;apos;tabGeral&amp;apos;]/ul/li[2]/a (tried for 10 second(s) with 2 SECONDS interval)">
      <![CDATA[org.openqa.selenium.TimeoutException: Expected condition failed: waiting for element to be clickable: By.xpath: .//*[@id='tabGeral']/ul/li[2]/a (tried for 10 second(s) with 2 SECONDS interval)
	at org.openqa.selenium.support.ui.FluentWait.timeoutException(FluentWait.java:264)
	at org.openqa.selenium.support.ui.FluentWait.until(FluentWait.java:232)
	at incluir_requisicao_pagamento_beneficiario.Pagina.novo(Pagina.java:70)
	at incluir_requisicao_pagamento_beneficiario.Teste_Inclui_Beneficiario.UC002_CT007_PD002_1(Teste_Inclui_Beneficiario.java:31)
Caused by: org.openqa.selenium.NoSuchElementException: Cannot locate an element using By.xpath: .//*[@id='tabGeral']/ul/li[2]/a
For documentation on this error, please visit: http://seleniumhq.org/exceptions/no_such_element.html
Build info: version: '3.5.3', revision: 'a88d25fe6b', time: '2017-08-29T12:42:44.417Z'
System info: host: 'D69659', ip: '10.8.3.117', os.name: 'Windows 7', os.arch: 'amd64', os.version: '6.1', java.version: '1.8.0_144'
Driver info: driver.version: unknown
	at org.openqa.selenium.support.ui.ExpectedConditions.lambda$findElement$0(ExpectedConditions.java:883)
	at java.util.Optional.orElseThrow(Optional.java:290)
	at org.openqa.selenium.support.ui.ExpectedConditions.findElement(ExpectedConditions.java:882)
	at org.openqa.selenium.support.ui.ExpectedConditions.access$000(ExpectedConditions.java:44)
	at org.openqa.selenium.support.ui.ExpectedConditions$7.apply(ExpectedConditions.java:206)
	at org.openqa.selenium.support.ui.ExpectedConditions$7.apply(ExpectedConditions.java:202)
	at org.openqa.selenium.support.ui.ExpectedConditions$22.apply(ExpectedConditions.java:644)
	at org.openqa.selenium.support.ui.ExpectedConditions$22.apply(ExpectedConditions.java:641)
	at org.openqa.selenium.support.ui.FluentWait.until(FluentWait.java:209)
	... 27 more
... Removed 25 stack frames]]>
    </failure>
  </testcase> <!-- UC002_CT007_PD002_1 -->
  <testcase name="UC002_CT007_PD002_8" time="24.631" classname="incluir_requisicao_pagamento_beneficiario.Teste_Inclui_Beneficiario">
    <failure type="org.openqa.selenium.TimeoutException" message="Expected condition failed: waiting for element to be clickable: By.xpath: .//*[@id=&amp;apos;tabGeral&amp;apos;]/ul/li[2]/a (tried for 10 second(s) with 2 SECONDS interval)">
      <![CDATA[org.openqa.selenium.TimeoutException: Expected condition failed: waiting for element to be clickable: By.xpath: .//*[@id='tabGeral']/ul/li[2]/a (tried for 10 second(s) with 2 SECONDS interval)
	at org.openqa.selenium.support.ui.FluentWait.timeoutException(FluentWait.java:264)
	at org.openqa.selenium.support.ui.FluentWait.until(FluentWait.java:232)
	at incluir_requisicao_pagamento_beneficiario.Pagina.novo(Pagina.java:70)
	at incluir_requisicao_pagamento_beneficiario.Teste_Inclui_Beneficiario.UC002_CT007_PD002_8(Teste_Inclui_Beneficiario.java:69)
Caused by: org.openqa.selenium.NoSuchElementException: Cannot locate an element using By.xpath: .//*[@id='tabGeral']/ul/li[2]/a
For documentation on this error, please visit: http://seleniumhq.org/exceptions/no_such_element.html
Build info: version: '3.5.3', revision: 'a88d25fe6b', time: '2017-08-29T12:42:44.417Z'
System info: host: 'D69659', ip: '10.8.3.117', os.name: 'Windows 7', os.arch: 'amd64', os.version: '6.1', java.version: '1.8.0_144'
Driver info: driver.version: unknown
	at org.openqa.selenium.support.ui.ExpectedConditions.lambda$findElement$0(ExpectedConditions.java:883)
	at java.util.Optional.orElseThrow(Optional.java:290)
	at org.openqa.selenium.support.ui.ExpectedConditions.findElement(ExpectedConditions.java:882)
	at org.openqa.selenium.support.ui.ExpectedConditions.access$000(ExpectedConditions.java:44)
	at org.openqa.selenium.support.ui.ExpectedConditions$7.apply(ExpectedConditions.java:206)
	at org.openqa.selenium.support.ui.ExpectedConditions$7.apply(ExpectedConditions.java:202)
	at org.openqa.selenium.support.ui.ExpectedConditions$22.apply(ExpectedConditions.java:644)
	at org.openqa.selenium.support.ui.ExpectedConditions$22.apply(ExpectedConditions.java:641)
	at org.openqa.selenium.support.ui.FluentWait.until(FluentWait.java:209)
	... 27 more
... Removed 25 stack frames]]>
    </failure>
  </testcase> <!-- UC002_CT007_PD002_8 -->
  <testcase name="UC002_CT008_PD002_1" time="27.515" classname="alterar_requisicao_pagamento_beneficiario.Teste_Altera_Beneficiario">
    <failure type="org.openqa.selenium.TimeoutException" message="Expected condition failed: waiting for element to be clickable: By.xpath: .//*[@id=&amp;apos;tabGeral&amp;apos;]/ul/li[2]/a (tried for 10 second(s) with 2 SECONDS interval)">
      <![CDATA[org.openqa.selenium.TimeoutException: Expected condition failed: waiting for element to be clickable: By.xpath: .//*[@id='tabGeral']/ul/li[2]/a (tried for 10 second(s) with 2 SECONDS interval)
	at org.openqa.selenium.support.ui.FluentWait.timeoutException(FluentWait.java:264)
	at org.openqa.selenium.support.ui.FluentWait.until(FluentWait.java:232)
	at alterar_requisicao_pagamento_beneficiario.Pagina.novo(Pagina.java:60)
	at alterar_requisicao_pagamento_beneficiario.Teste_Altera_Beneficiario.UC002_CT008_PD002_1(Teste_Altera_Beneficiario.java:30)
Caused by: org.openqa.selenium.NoSuchElementException: Cannot locate an element using By.xpath: .//*[@id='tabGeral']/ul/li[2]/a
For documentation on this error, please visit: http://seleniumhq.org/exceptions/no_such_element.html
Build info: version: '3.5.3', revision: 'a88d25fe6b', time: '2017-08-29T12:42:44.417Z'
System info: host: 'D69659', ip: '10.8.3.117', os.name: 'Windows 7', os.arch: 'amd64', os.version: '6.1', java.version: '1.8.0_144'
Driver info: driver.version: unknown
	at org.openqa.selenium.support.ui.ExpectedConditions.lambda$findElement$0(ExpectedConditions.java:883)
	at java.util.Optional.orElseThrow(Optional.java:290)
	at org.openqa.selenium.support.ui.ExpectedConditions.findElement(ExpectedConditions.java:882)
	at org.openqa.selenium.support.ui.ExpectedConditions.access$000(ExpectedConditions.java:44)
	at org.openqa.selenium.support.ui.ExpectedConditions$7.apply(ExpectedConditions.java:206)
	at org.openqa.selenium.support.ui.ExpectedConditions$7.apply(ExpectedConditions.java:202)
	at org.openqa.selenium.support.ui.ExpectedConditions$22.apply(ExpectedConditions.java:644)
	at org.openqa.selenium.support.ui.ExpectedConditions$22.apply(ExpectedConditions.java:641)
	at org.openqa.selenium.support.ui.FluentWait.until(FluentWait.java:209)
	... 27 more
... Removed 25 stack frames]]>
    </failure>
  </testcase> <!-- UC002_CT008_PD002_1 -->
  <testcase name="UC002_CT009_PD009_1" time="27.308" classname="incluir_requisicao_pagamento_terceiro_interessado.Teste_Inclui_Terceiros_Interessados">
    <failure type="org.openqa.selenium.TimeoutException" message="Expected condition failed: waiting for element to be clickable: By.xpath: .//*[@id=&amp;apos;tabGeral&amp;apos;]/ul/li[3]/a (tried for 10 second(s) with 500 MILLISECONDS interval)">
      <![CDATA[org.openqa.selenium.TimeoutException: Expected condition failed: waiting for element to be clickable: By.xpath: .//*[@id='tabGeral']/ul/li[3]/a (tried for 10 second(s) with 500 MILLISECONDS interval)
	at org.openqa.selenium.support.ui.WebDriverWait.timeoutException(WebDriverWait.java:80)
	at org.openqa.selenium.support.ui.FluentWait.until(FluentWait.java:232)
	at incluir_requisicao_pagamento_terceiro_interessado.Pagina.novo(Pagina.java:83)
	at incluir_requisicao_pagamento_terceiro_interessado.Teste_Inclui_Terceiros_Interessados.UC002_CT009_PD009_1(Teste_Inclui_Terceiros_Interessados.java:38)
Caused by: org.openqa.selenium.NoSuchElementException: Cannot locate an element using By.xpath: .//*[@id='tabGeral']/ul/li[3]/a
For documentation on this error, please visit: http://seleniumhq.org/exceptions/no_such_element.html
Build info: version: '3.5.3', revision: 'a88d25fe6b', time: '2017-08-29T12:42:44.417Z'
System info: host: 'D69659', ip: '10.8.3.117', os.name: 'Windows 7', os.arch: 'amd64', os.version: '6.1', java.version: '1.8.0_144'
Driver info: driver.version: unknown
	at org.openqa.selenium.support.ui.ExpectedConditions.lambda$findElement$0(ExpectedConditions.java:883)
	at java.util.Optional.orElseThrow(Optional.java:290)
	at org.openqa.selenium.support.ui.ExpectedConditions.findElement(ExpectedConditions.java:882)
	at org.openqa.selenium.support.ui.ExpectedConditions.access$000(ExpectedConditions.java:44)
	at org.openqa.selenium.support.ui.ExpectedConditions$7.apply(ExpectedConditions.java:206)
	at org.openqa.selenium.support.ui.ExpectedConditions$7.apply(ExpectedConditions.java:202)
	at org.openqa.selenium.support.ui.ExpectedConditions$22.apply(ExpectedConditions.java:644)
	at org.openqa.selenium.support.ui.ExpectedConditions$22.apply(ExpectedConditions.java:641)
	at org.openqa.selenium.support.ui.FluentWait.until(FluentWait.java:209)
	... 27 more
... Removed 25 stack frames]]>
    </failure>
  </testcase> <!-- UC002_CT009_PD009_1 -->
  <testcase name="UC002_CT009_PD009_9" time="26.951" classname="incluir_requisicao_pagamento_terceiro_interessado.Teste_Inclui_Terceiros_Interessados">
    <failure type="org.openqa.selenium.TimeoutException" message="Expected condition failed: waiting for element to be clickable: By.xpath: .//*[@id=&amp;apos;tabGeral&amp;apos;]/ul/li[3]/a (tried for 10 second(s) with 500 MILLISECONDS interval)">
      <![CDATA[org.openqa.selenium.TimeoutException: Expected condition failed: waiting for element to be clickable: By.xpath: .//*[@id='tabGeral']/ul/li[3]/a (tried for 10 second(s) with 500 MILLISECONDS interval)
	at org.openqa.selenium.support.ui.WebDriverWait.timeoutException(WebDriverWait.java:80)
	at org.openqa.selenium.support.ui.FluentWait.until(FluentWait.java:232)
	at incluir_requisicao_pagamento_terceiro_interessado.Pagina.novo(Pagina.java:83)
	at incluir_requisicao_pagamento_terceiro_interessado.Teste_Inclui_Terceiros_Interessados.UC002_CT009_PD009_9(Teste_Inclui_Terceiros_Interessados.java:57)
Caused by: org.openqa.selenium.NoSuchElementException: Cannot locate an element using By.xpath: .//*[@id='tabGeral']/ul/li[3]/a
For documentation on this error, please visit: http://seleniumhq.org/exceptions/no_such_element.html
Build info: version: '3.5.3', revision: 'a88d25fe6b', time: '2017-08-29T12:42:44.417Z'
System info: host: 'D69659', ip: '10.8.3.117', os.name: 'Windows 7', os.arch: 'amd64', os.version: '6.1', java.version: '1.8.0_144'
Driver info: driver.version: unknown
	at org.openqa.selenium.support.ui.ExpectedConditions.lambda$findElement$0(ExpectedConditions.java:883)
	at java.util.Optional.orElseThrow(Optional.java:290)
	at org.openqa.selenium.support.ui.ExpectedConditions.findElement(ExpectedConditions.java:882)
	at org.openqa.selenium.support.ui.ExpectedConditions.access$000(ExpectedConditions.java:44)
	at org.openqa.selenium.support.ui.ExpectedConditions$7.apply(ExpectedConditions.java:206)
	at org.openqa.selenium.support.ui.ExpectedConditions$7.apply(ExpectedConditions.java:202)
	at org.openqa.selenium.support.ui.ExpectedConditions$22.apply(ExpectedConditions.java:644)
	at org.openqa.selenium.support.ui.ExpectedConditions$22.apply(ExpectedConditions.java:641)
	at org.openqa.selenium.support.ui.FluentWait.until(FluentWait.java:209)
	... 27 more
... Removed 25 stack frames]]>
    </failure>
  </testcase> <!-- UC002_CT009_PD009_9 -->
  <testcase name="UC002_CT010_PD010_1" time="25.9" classname="alterar_requisicao_pagamento_terceiro_interessado.Teste_Altera_Terceiros_Interessados">
    <failure type="org.openqa.selenium.TimeoutException" message="Expected condition failed: waiting for element to be clickable: By.xpath: .//*[@id=&amp;apos;tabGeral&amp;apos;]/ul/li[3]/a (tried for 10 second(s) with 500 MILLISECONDS interval)">
      <![CDATA[org.openqa.selenium.TimeoutException: Expected condition failed: waiting for element to be clickable: By.xpath: .//*[@id='tabGeral']/ul/li[3]/a (tried for 10 second(s) with 500 MILLISECONDS interval)
	at org.openqa.selenium.support.ui.WebDriverWait.timeoutException(WebDriverWait.java:80)
	at org.openqa.selenium.support.ui.FluentWait.until(FluentWait.java:232)
	at alterar_requisicao_pagamento_terceiro_interessado.Pagina.novo(Pagina.java:38)
	at alterar_requisicao_pagamento_terceiro_interessado.Teste_Altera_Terceiros_Interessados.UC002_CT010_PD010_1(Teste_Altera_Terceiros_Interessados.java:34)
Caused by: org.openqa.selenium.NoSuchElementException: Cannot locate an element using By.xpath: .//*[@id='tabGeral']/ul/li[3]/a
For documentation on this error, please visit: http://seleniumhq.org/exceptions/no_such_element.html
Build info: version: '3.5.3', revision: 'a88d25fe6b', time: '2017-08-29T12:42:44.417Z'
System info: host: 'D69659', ip: '10.8.3.117', os.name: 'Windows 7', os.arch: 'amd64', os.version: '6.1', java.version: '1.8.0_144'
Driver info: driver.version: unknown
	at org.openqa.selenium.support.ui.ExpectedConditions.lambda$findElement$0(ExpectedConditions.java:883)
	at java.util.Optional.orElseThrow(Optional.java:290)
	at org.openqa.selenium.support.ui.ExpectedConditions.findElement(ExpectedConditions.java:882)
	at org.openqa.selenium.support.ui.ExpectedConditions.access$000(ExpectedConditions.java:44)
	at org.openqa.selenium.support.ui.ExpectedConditions$7.apply(ExpectedConditions.java:206)
	at org.openqa.selenium.support.ui.ExpectedConditions$7.apply(ExpectedConditions.java:202)
	at org.openqa.selenium.support.ui.ExpectedConditions$22.apply(ExpectedConditions.java:644)
	at org.openqa.selenium.support.ui.ExpectedConditions$22.apply(ExpectedConditions.java:641)
	at org.openqa.selenium.support.ui.FluentWait.until(FluentWait.java:209)
	... 27 more
... Removed 25 stack frames]]>
    </failure>
  </testcase> <!-- UC002_CT010_PD010_1 -->
  <testcase name="UC002_CT012_PD012_1" time="26.328" classname="visualizar_requisicao_pagamento.Teste_Visualiza_Requisicao_Pagamento">
    <failure type="org.openqa.selenium.TimeoutException" message="Expected condition failed: waiting for visibility of element located by By.xpath: //table/tbody/tr[1]/td/fieldset/div/table/tbody/tr[1]/td[2]/input (tried for 10 second(s) with 2 SECONDS interval)">
      <![CDATA[org.openqa.selenium.TimeoutException: Expected condition failed: waiting for visibility of element located by By.xpath: //table/tbody/tr[1]/td/fieldset/div/table/tbody/tr[1]/td[2]/input (tried for 10 second(s) with 2 SECONDS interval)
	at org.openqa.selenium.support.ui.FluentWait.timeoutException(FluentWait.java:264)
	at org.openqa.selenium.support.ui.FluentWait.until(FluentWait.java:232)
	at visualizar_requisicao_pagamento.Pagina.resultado(Pagina.java:50)
	at visualizar_requisicao_pagamento.Teste_Visualiza_Requisicao_Pagamento.UC002_CT012_PD012_1(Teste_Visualiza_Requisicao_Pagamento.java:35)
Caused by: org.openqa.selenium.NoSuchElementException: Cannot locate an element using By.xpath: //table/tbody/tr[1]/td/fieldset/div/table/tbody/tr[1]/td[2]/input
For documentation on this error, please visit: http://seleniumhq.org/exceptions/no_such_element.html
Build info: version: '3.5.3', revision: 'a88d25fe6b', time: '2017-08-29T12:42:44.417Z'
System info: host: 'D69659', ip: '10.8.3.117', os.name: 'Windows 7', os.arch: 'amd64', os.version: '6.1', java.version: '1.8.0_144'
Driver info: driver.version: unknown
	at org.openqa.selenium.support.ui.ExpectedConditions.lambda$findElement$0(ExpectedConditions.java:883)
	at java.util.Optional.orElseThrow(Optional.java:290)
	at org.openqa.selenium.support.ui.ExpectedConditions.findElement(ExpectedConditions.java:882)
	at org.openqa.selenium.support.ui.ExpectedConditions.access$000(ExpectedConditions.java:44)
	at org.openqa.selenium.support.ui.ExpectedConditions$7.apply(ExpectedConditions.java:206)
	at org.openqa.selenium.support.ui.ExpectedConditions$7.apply(ExpectedConditions.java:202)
	at org.openqa.selenium.support.ui.FluentWait.until(FluentWait.java:209)
	... 27 more
... Removed 25 stack frames]]>
    </failure>
  </testcase> <!-- UC002_CT012_PD012_1 -->
  <testcase name="UC002_CT001_PD001_1" time="17.408" classname="consultar_requisicao_pagamento.Teste_Consulta">
    <failure type="java.lang.AssertionError">
      <![CDATA[java.lang.AssertionError: 
	at consultar_requisicao_pagamento.Teste_Consulta.UC002_CT001_PD001_1(Teste_Consulta.java:39)
... Removed 28 stack frames]]>
    </failure>
  </testcase> <!-- UC002_CT001_PD001_1 -->
  <testcase name="UC002_CT004_PD004_1" time="26.426" classname="excluir_requisicao_pagamento.Teste_Exclui">
    <failure type="org.openqa.selenium.TimeoutException" message="Expected condition failed: waiting for text (&amp;apos;Operação Realizada com Sucesso&amp;apos;) to be present in element found by By.className: ui-growl-item (tried for 10 second(s) with 500 MILLISECONDS interval)">
      <![CDATA[org.openqa.selenium.TimeoutException: Expected condition failed: waiting for text ('Operação Realizada com Sucesso') to be present in element found by By.className: ui-growl-item (tried for 10 second(s) with 500 MILLISECONDS interval)
	at org.openqa.selenium.support.ui.WebDriverWait.timeoutException(WebDriverWait.java:80)
	at org.openqa.selenium.support.ui.FluentWait.until(FluentWait.java:232)
	at excluir_requisicao_pagamento.Pagina.resultado(Pagina.java:46)
	at excluir_requisicao_pagamento.Teste_Exclui.UC002_CT004_PD004_1(Teste_Exclui.java:33)
Caused by: org.openqa.selenium.NoSuchElementException: Cannot locate an element using By.className: ui-growl-item
For documentation on this error, please visit: http://seleniumhq.org/exceptions/no_such_element.html
Build info: version: '3.5.3', revision: 'a88d25fe6b', time: '2017-08-29T12:42:44.417Z'
System info: host: 'D69659', ip: '10.8.3.117', os.name: 'Windows 7', os.arch: 'amd64', os.version: '6.1', java.version: '1.8.0_144'
Driver info: driver.version: unknown
	at org.openqa.selenium.support.ui.ExpectedConditions.lambda$findElement$0(ExpectedConditions.java:883)
	at java.util.Optional.orElseThrow(Optional.java:290)
	at org.openqa.selenium.support.ui.ExpectedConditions.findElement(ExpectedConditions.java:882)
	at org.openqa.selenium.support.ui.ExpectedConditions.access$000(ExpectedConditions.java:44)
	at org.openqa.selenium.support.ui.ExpectedConditions$13.apply(ExpectedConditions.java:385)
	at org.openqa.selenium.support.ui.ExpectedConditions$13.apply(ExpectedConditions.java:381)
	at org.openqa.selenium.support.ui.FluentWait.until(FluentWait.java:209)
	... 27 more
... Removed 25 stack frames]]>
    </failure>
  </testcase> <!-- UC002_CT004_PD004_1 -->
  <testcase name="UC002_CT011_PD011_1" time="24.479" classname="finalizar_cadastro.Teste_Finalizar_Cadastro">
    <failure type="org.openqa.selenium.TimeoutException" message="Expected condition failed: waiting for visibility of element located by By.xpath: //td/table/tbody/tr/td[1]/button (tried for 6 second(s) with 2 SECONDS interval)">
      <![CDATA[org.openqa.selenium.TimeoutException: Expected condition failed: waiting for visibility of element located by By.xpath: //td/table/tbody/tr/td[1]/button (tried for 6 second(s) with 2 SECONDS interval)
	at org.openqa.selenium.support.ui.FluentWait.timeoutException(FluentWait.java:264)
	at org.openqa.selenium.support.ui.FluentWait.until(FluentWait.java:232)
	at finalizar_cadastro.Pagina.novo(Pagina.java:40)
	at finalizar_cadastro.Teste_Finalizar_Cadastro.UC002_CT011_PD011_1(Teste_Finalizar_Cadastro.java:35)
Caused by: org.openqa.selenium.NoSuchElementException: Cannot locate an element using By.xpath: //td/table/tbody/tr/td[1]/button
For documentation on this error, please visit: http://seleniumhq.org/exceptions/no_such_element.html
Build info: version: '3.5.3', revision: 'a88d25fe6b', time: '2017-08-29T12:42:44.417Z'
System info: host: 'D69659', ip: '10.8.3.117', os.name: 'Windows 7', os.arch: 'amd64', os.version: '6.1', java.version: '1.8.0_144'
Driver info: driver.version: unknown
	at org.openqa.selenium.support.ui.ExpectedConditions.lambda$findElement$0(ExpectedConditions.java:883)
	at java.util.Optional.orElseThrow(Optional.java:290)
	at org.openqa.selenium.support.ui.ExpectedConditions.findElement(ExpectedConditions.java:882)
	at org.openqa.selenium.support.ui.ExpectedConditions.access$000(ExpectedConditions.java:44)
	at org.openqa.selenium.support.ui.ExpectedConditions$7.apply(ExpectedConditions.java:206)
	at org.openqa.selenium.support.ui.ExpectedConditions$7.apply(ExpectedConditions.java:202)
	at org.openqa.selenium.support.ui.FluentWait.until(FluentWait.java:209)
	... 27 more
... Removed 25 stack frames]]>
    </failure>
  </testcase> <!-- UC002_CT011_PD011_1 -->
  <testcase name="UC002_CT009_PD009_2" time="0.0" classname="incluir_requisicao_pagamento_terceiro_interessado.Teste_Inclui_Terceiros_Interessados">
    <ignored/>
  </testcase> <!-- UC002_CT009_PD009_2 -->
  <testcase name="@AfterSuite afterSuite" time="0.0" classname="gep_pagamento_auxiliary.Report">
    <ignored/>
  </testcase> <!-- @AfterSuite afterSuite -->
  <testcase name="UC002_CT007_PD002_4" time="0.0" classname="incluir_requisicao_pagamento_beneficiario.Teste_Inclui_Beneficiario">
    <ignored/>
  </testcase> <!-- UC002_CT007_PD002_4 -->
  <testcase name="@AfterSuite afterSuite" time="0.0" classname="gep_pagamento_auxiliary.Report">
    <ignored/>
  </testcase> <!-- @AfterSuite afterSuite -->
  <testcase name="@AfterSuite afterSuite" time="0.0" classname="gep_pagamento_auxiliary.Report">
    <ignored/>
  </testcase> <!-- @AfterSuite afterSuite -->
  <testcase name="@AfterSuite afterSuite" time="0.0" classname="gep_pagamento_auxiliary.Report">
    <ignored/>
  </testcase> <!-- @AfterSuite afterSuite -->
  <testcase name="@AfterSuite afterSuite" time="0.0" classname="gep_pagamento_auxiliary.Report">
    <ignored/>
  </testcase> <!-- @AfterSuite afterSuite -->
  <testcase name="@AfterSuite afterSuite" time="0.0" classname="gep_pagamento_auxiliary.Report">
    <ignored/>
  </testcase> <!-- @AfterSuite afterSuite -->
  <testcase name="@AfterSuite afterSuite" time="0.0" classname="gep_pagamento_auxiliary.Report">
    <ignored/>
  </testcase> <!-- @AfterSuite afterSuite -->
  <testcase name="@AfterSuite afterSuite" time="0.0" classname="gep_pagamento_auxiliary.Report">
    <ignored/>
  </testcase> <!-- @AfterSuite afterSuite -->
  <testcase name="@AfterSuite afterSuite" time="0.0" classname="gep_pagamento_auxiliary.Report">
    <ignored/>
  </testcase> <!-- @AfterSuite afterSuite -->
  <testcase name="@AfterSuite afterSuite" time="0.0" classname="gep_pagamento_auxiliary.Report">
    <ignored/>
  </testcase> <!-- @AfterSuite afterSuite -->
  <testcase name="@AfterSuite afterSuite" time="0.0" classname="gep_pagamento_auxiliary.Report">
    <ignored/>
  </testcase> <!-- @AfterSuite afterSuite -->
  <testcase name="UC002_CT005_PD001_2" time="0.0" classname="visualizar_Informacoes_resumidas_requisicao_pagamento.Teste_Visualiza">
    <ignored/>
  </testcase> <!-- UC002_CT005_PD001_2 -->
  <testcase name="UC002_CT005_PD001_3" time="0.0" classname="visualizar_Informacoes_resumidas_requisicao_pagamento.Teste_Visualiza">
    <ignored/>
  </testcase> <!-- UC002_CT005_PD001_3 -->
  <testcase name="UC002_CT007_PD002_2" time="0.0" classname="incluir_requisicao_pagamento_beneficiario.Teste_Inclui_Beneficiario">
    <ignored/>
  </testcase> <!-- UC002_CT007_PD002_2 -->
  <testcase name="UC002_CT0010_PD010_2" time="0.0" classname="alterar_requisicao_pagamento_terceiro_interessado.Teste_Altera_Terceiros_Interessados">
    <ignored/>
  </testcase> <!-- UC002_CT0010_PD010_2 -->
  <testcase name="UC002_CT007_PD002_3" time="0.0" classname="incluir_requisicao_pagamento_beneficiario.Teste_Inclui_Beneficiario">
    <ignored/>
  </testcase> <!-- UC002_CT007_PD002_3 -->
  <testcase name="UC002_CT009_PD009_5" time="0.0" classname="incluir_requisicao_pagamento_terceiro_interessado.Teste_Inclui_Terceiros_Interessados">
    <ignored/>
  </testcase> <!-- UC002_CT009_PD009_5 -->
  <testcase name="UC002_CT003_PD003_3" time="0.0" classname="alterar_requisicao_pagamento_dados_processo.Teste_Altera_Dados_Processo">
    <ignored/>
  </testcase> <!-- UC002_CT003_PD003_3 -->
  <testcase name="UC002_CT009_PD009_7" time="0.0" classname="incluir_requisicao_pagamento_terceiro_interessado.Teste_Inclui_Terceiros_Interessados">
    <ignored/>
  </testcase> <!-- UC002_CT009_PD009_7 -->
  <testcase name="UC002_CT009_PD009_4" time="0.0" classname="incluir_requisicao_pagamento_terceiro_interessado.Teste_Inclui_Terceiros_Interessados">
    <ignored/>
  </testcase> <!-- UC002_CT009_PD009_4 -->
  <testcase name="UC002_CT003_PD003_4" time="0.0" classname="alterar_requisicao_pagamento_dados_processo.Teste_Altera_Dados_Processo">
    <ignored/>
  </testcase> <!-- UC002_CT003_PD003_4 -->
  <testcase name="UC002_CT003_PD003_7" time="0.0" classname="alterar_requisicao_pagamento_dados_processo.Teste_Altera_Dados_Processo">
    <ignored/>
  </testcase> <!-- UC002_CT003_PD003_7 -->
  <testcase name="UC002_CT009_PD009_6" time="0.0" classname="incluir_requisicao_pagamento_terceiro_interessado.Teste_Inclui_Terceiros_Interessados">
    <ignored/>
  </testcase> <!-- UC002_CT009_PD009_6 -->
  <testcase name="UC002_CT003_PD003_2" time="0.0" classname="alterar_requisicao_pagamento_dados_processo.Teste_Altera_Dados_Processo">
    <ignored/>
  </testcase> <!-- UC002_CT003_PD003_2 -->
  <testcase name="UC002_CT003_PD003_5" time="0.0" classname="alterar_requisicao_pagamento_dados_processo.Teste_Altera_Dados_Processo">
    <ignored/>
  </testcase> <!-- UC002_CT003_PD003_5 -->
  <testcase name="UC002_CT009_PD009_8" time="0.0" classname="incluir_requisicao_pagamento_terceiro_interessado.Teste_Inclui_Terceiros_Interessados">
    <ignored/>
  </testcase> <!-- UC002_CT009_PD009_8 -->
  <testcase name="@BeforeSuite beforeSuite" time="0.0" classname="gep_pagamento_auxiliary.Report">
    <ignored/>
  </testcase> <!-- @BeforeSuite beforeSuite -->
  <testcase name="@BeforeSuite beforeSuite" time="0.0" classname="gep_pagamento_auxiliary.Report">
    <ignored/>
  </testcase> <!-- @BeforeSuite beforeSuite -->
  <testcase name="@BeforeSuite beforeSuite" time="0.0" classname="gep_pagamento_auxiliary.Report">
    <ignored/>
  </testcase> <!-- @BeforeSuite beforeSuite -->
  <testcase name="@BeforeSuite beforeSuite" time="0.0" classname="gep_pagamento_auxiliary.Report">
    <ignored/>
  </testcase> <!-- @BeforeSuite beforeSuite -->
  <testcase name="@BeforeSuite beforeSuite" time="0.0" classname="gep_pagamento_auxiliary.Report">
    <ignored/>
  </testcase> <!-- @BeforeSuite beforeSuite -->
  <testcase name="@BeforeSuite beforeSuite" time="0.0" classname="gep_pagamento_auxiliary.Report">
    <ignored/>
  </testcase> <!-- @BeforeSuite beforeSuite -->
  <testcase name="@BeforeSuite beforeSuite" time="0.0" classname="gep_pagamento_auxiliary.Report">
    <ignored/>
  </testcase> <!-- @BeforeSuite beforeSuite -->
  <testcase name="@BeforeSuite beforeSuite" time="0.0" classname="gep_pagamento_auxiliary.Report">
    <ignored/>
  </testcase> <!-- @BeforeSuite beforeSuite -->
  <testcase name="@BeforeSuite beforeSuite" time="0.0" classname="gep_pagamento_auxiliary.Report">
    <ignored/>
  </testcase> <!-- @BeforeSuite beforeSuite -->
  <testcase name="@BeforeSuite beforeSuite" time="0.0" classname="gep_pagamento_auxiliary.Report">
    <ignored/>
  </testcase> <!-- @BeforeSuite beforeSuite -->
  <testcase name="@BeforeSuite beforeSuite" time="0.0" classname="gep_pagamento_auxiliary.Report">
    <ignored/>
  </testcase> <!-- @BeforeSuite beforeSuite -->
  <testcase name="UC002_CT003_PD003_6" time="0.0" classname="alterar_requisicao_pagamento_dados_processo.Teste_Altera_Dados_Processo">
    <ignored/>
  </testcase> <!-- UC002_CT003_PD003_6 -->
  <testcase name="UC002_CT009_PD009_3" time="0.0" classname="incluir_requisicao_pagamento_terceiro_interessado.Teste_Inclui_Terceiros_Interessados">
    <ignored/>
  </testcase> <!-- UC002_CT009_PD009_3 -->
  <testcase name="UC002_CT008_PD002_2" time="0.0" classname="alterar_requisicao_pagamento_beneficiario.Teste_Altera_Beneficiario">
    <ignored/>
  </testcase> <!-- UC002_CT008_PD002_2 -->
  <testcase name="UC002_CT008_PD002_3" time="0.0" classname="alterar_requisicao_pagamento_beneficiario.Teste_Altera_Beneficiario">
    <ignored/>
  </testcase> <!-- UC002_CT008_PD002_3 -->
  <testcase name="UC002_CT002_PD001_2" time="0.0" classname="consultar_requisicao_pagamento.Teste_Consulta">
    <ignored/>
  </testcase> <!-- UC002_CT002_PD001_2 -->
  <testcase name="UC002_CT004_PD004_6" time="0.0" classname="excluir_requisicao_pagamento.Teste_Exclui">
    <ignored/>
  </testcase> <!-- UC002_CT004_PD004_6 -->
  <testcase name="UC002_CT004_PD004_4" time="0.0" classname="excluir_requisicao_pagamento.Teste_Exclui">
    <ignored/>
  </testcase> <!-- UC002_CT004_PD004_4 -->
  <testcase name="UC002_CT004_PD004_3" time="0.0" classname="excluir_requisicao_pagamento.Teste_Exclui">
    <ignored/>
  </testcase> <!-- UC002_CT004_PD004_3 -->
  <testcase name="UC002_CT004_PD004_2" time="0.0" classname="excluir_requisicao_pagamento.Teste_Exclui">
    <ignored/>
  </testcase> <!-- UC002_CT004_PD004_2 -->
  <testcase name="UC002_CT004_PD004_5" time="0.0" classname="excluir_requisicao_pagamento.Teste_Exclui">
    <ignored/>
  </testcase> <!-- UC002_CT004_PD004_5 -->
  <testcase name="incluir_Advogado" time="0.0" classname="incluir_requisicao_pagamento_beneficiario.Teste_Inclui_Beneficiario">
    <ignored/>
  </testcase> <!-- incluir_Advogado -->
  <testcase name="UC002_CT002_PD002_7" time="0.0" classname="incluir_requisicao_pagamento.Teste_inclui_requisicao_pagamento">
    <ignored/>
  </testcase> <!-- UC002_CT002_PD002_7 -->
  <testcase name="UC002_CT003_PD003_8" time="0.0" classname="alterar_requisicao_pagamento_dados_processo.Teste_Altera_Dados_Processo">
    <ignored/>
  </testcase> <!-- UC002_CT003_PD003_8 -->
  <testcase name="UC002_CT001_PD001_3" time="0.0" classname="consultar_requisicao_pagamento.Teste_Consulta">
    <ignored/>
  </testcase> <!-- UC002_CT001_PD001_3 -->
  <testcase name="UC002_CT003_PD003_9" time="0.0" classname="alterar_requisicao_pagamento_dados_processo.Teste_Altera_Dados_Processo">
    <ignored/>
  </testcase> <!-- UC002_CT003_PD003_9 -->
  <testcase name="UC002_CT007_PD002_6" time="0.0" classname="incluir_requisicao_pagamento_beneficiario.Teste_Inclui_Beneficiario">
    <ignored/>
  </testcase> <!-- UC002_CT007_PD002_6 -->
  <testcase name="UC002_CT007_PD002_7" time="0.0" classname="incluir_requisicao_pagamento_beneficiario.Teste_Inclui_Beneficiario">
    <ignored/>
  </testcase> <!-- UC002_CT007_PD002_7 -->
  <testcase name="UC002_CT002_PD002_2" time="0.0" classname="incluir_requisicao_pagamento.Teste_inclui_requisicao_pagamento">
    <ignored/>
  </testcase> <!-- UC002_CT002_PD002_2 -->
  <testcase name="UC002_CT002_PD002_5" time="0.0" classname="incluir_requisicao_pagamento.Teste_inclui_requisicao_pagamento">
    <ignored/>
  </testcase> <!-- UC002_CT002_PD002_5 -->
  <testcase name="UC002_CT007_PD002_5" time="0.0" classname="incluir_requisicao_pagamento_beneficiario.Teste_Inclui_Beneficiario">
    <ignored/>
  </testcase> <!-- UC002_CT007_PD002_5 -->
  <testcase name="UC002_CT011_PD011_2" time="0.0" classname="finalizar_cadastro.Teste_Finalizar_Cadastro">
    <ignored/>
  </testcase> <!-- UC002_CT011_PD011_2 -->
  <testcase name="UC002_CT002_PD002_4" time="0.0" classname="incluir_requisicao_pagamento.Teste_inclui_requisicao_pagamento">
    <ignored/>
  </testcase> <!-- UC002_CT002_PD002_4 -->
  <testcase name="UC002_CT002_PD002_6" time="0.0" classname="incluir_requisicao_pagamento.Teste_inclui_requisicao_pagamento">
    <ignored/>
  </testcase> <!-- UC002_CT002_PD002_6 -->
  <testcase name="UC002_CT002_PD002_9" time="0.0" classname="incluir_requisicao_pagamento.Teste_inclui_requisicao_pagamento">
    <ignored/>
  </testcase> <!-- UC002_CT002_PD002_9 -->
  <testcase name="UC002_CT002_PD002_8" time="0.0" classname="incluir_requisicao_pagamento.Teste_inclui_requisicao_pagamento">
    <ignored/>
  </testcase> <!-- UC002_CT002_PD002_8 -->
  <testcase name="UC002_CT002_PD002_3" time="0.0" classname="incluir_requisicao_pagamento.Teste_inclui_requisicao_pagamento">
    <ignored/>
  </testcase> <!-- UC002_CT002_PD002_3 -->
</testsuite> <!-- Smoke_testing -->
