<!DOCTYPE html PUBLIC "-//W3C//DTD XHTML 1.1//EN" "http://www.w3.org/TR/xhtml11/DTD/xhtml11.dtd">
<html xmlns="http://www.w3.org/1999/xhtml">
<head>
<meta http-equiv="content-type" content="text/html; charset=UTF-8"/>
<title>TestNG Report</title>
<style type="text/css">table {margin-bottom:10px;border-collapse:collapse;empty-cells:show}th,td {border:1px solid #009;padding:.25em .5em}th {vertical-align:bottom}td {vertical-align:top}table a {font-weight:bold}.stripe td {background-color: #E6EBF9}.num {text-align:right}.passedodd td {background-color: #3F3}.passedeven td {background-color: #0A0}.skippedodd td {background-color: #DDD}.skippedeven td {background-color: #CCC}.failedodd td,.attn {background-color: #F33}.failedeven td,.stripe .attn {background-color: #D00}.stacktrace {white-space:pre;font-family:monospace}.totop {font-size:85%;text-align:center;border-bottom:2px solid #000}.invisible {display:none}</style>
</head>
<body>
<table>
<tr><th>Test</th><th># Passed</th><th># Skipped</th><th># Failed</th><th>Time (ms)</th><th>Included Groups</th><th>Excluded Groups</th></tr>
<tr><th colspan="7">Smokink testing GEP TC002</th></tr>
<tr><td><a href="#t0">Smokink testing</a></td><td class="num">9</td><td class="num">0</td><td class="num attn">2</td><td class="num">287,602</td><td></td><td></td></tr>
</table>
<table id='summary'><thead><tr><th>Class</th><th>Method</th><th>Start</th><th>Time (ms)</th></tr></thead><tbody><tr><th colspan="4">Smokink testing GEP TC002</th></tr></tbody><tbody id="t0"><tr><th colspan="4">Smokink testing &#8212; failed</th></tr><tr class="failedeven"><td rowspan="1">visualizar_detalhes_historicos_requisicao_pagamento.Teste_Visualiza_Detalhes</td><td><a href="#m0">UC002_CT006_PD006_1</a></td><td rowspan="1">1508422926008</td><td rowspan="1">17025</td></tr><tr class="failedodd"><td rowspan="1">visualizar_requisicao_pagamento.Teste_Visualiza_Requisicao_Pagamento</td><td><a href="#m1">UC002_CT012_PD012_1</a></td><td rowspan="1">1508423065368</td><td rowspan="1">32596</td></tr><tr><th colspan="4">Smokink testing &#8212; passed</th></tr><tr class="passedeven"><td rowspan="1">alterar_requisicao_pagamento_beneficiario.Teste_Altera_Beneficiario</td><td><a href="#m2">UC002_CT008_PD002_1</a></td><td rowspan="1">1508423017151</td><td rowspan="1">20194</td></tr><tr class="passedodd"><td rowspan="1">alterar_requisicao_pagamento_dados_processo.Teste_Altera_Dados_Processo</td><td><a href="#m3">UC002_CT003_PD003_1</a></td><td rowspan="1">1508422947096</td><td rowspan="1">31884</td></tr><tr class="passedeven"><td rowspan="1">alterar_requisicao_pagamento_terceiro_interessado.Teste_Altera_Terceiros_Interessados</td><td><a href="#m4">UC002_CT010_PD010_1</a></td><td rowspan="1">1508423101966</td><td rowspan="1">17321</td></tr><tr class="passedodd"><td rowspan="1">consultar_requisicao_pagamento.Teste_Consulta</td><td><a href="#m5">UC002_CT001_PD001_1</a></td><td rowspan="1">1508423123301</td><td rowspan="1">15499</td></tr><tr class="passedeven"><td rowspan="1">excluir_requisicao_pagamento.Teste_Exclui</td><td><a href="#m6">UC002_CT004_PD004_1</a></td><td rowspan="1">1508423142770</td><td rowspan="1">16384</td></tr><tr class="passedodd"><td rowspan="1">incluir_requisicao_pagamento.Teste_inclui_requisicao_pagamento</td><td><a href="#m7">UC002_CT002_PD002_1</a></td><td rowspan="1">1508422876006</td><td rowspan="1">26783</td></tr><tr class="passedeven"><td rowspan="1">incluir_requisicao_pagamento_beneficiario.Teste_Inclui_Beneficiario</td><td><a href="#m8">UC002_CT007_PD002_1</a></td><td rowspan="1">1508422983043</td><td rowspan="1">30076</td></tr><tr class="passedodd"><td rowspan="1">incluir_requisicao_pagamento_terceiro_interessado.Teste_Inclui_Terceiros_Interessados</td><td><a href="#m9">UC002_CT009_PD009_1</a></td><td rowspan="1">1508423041266</td><td rowspan="1">20117</td></tr><tr class="passedeven"><td rowspan="1">visualizar_Informacoes_resumidas_requisicao_pagamento.Teste_Visualiza</td><td><a href="#m10">UC002_CT005_PD001_1</a></td><td rowspan="1">1508422906776</td><td rowspan="1">15230</td></tr></tbody>
</table>
<h2>Smokink testing</h2><h3 id="m0">visualizar_detalhes_historicos_requisicao_pagamento.Teste_Visualiza_Detalhes#UC002_CT006_PD006_1</h3><table class="result"><tr><th>Exception</th></tr><tr><td><div class="stacktrace">org.openqa.selenium.NoSuchElementException: Unable to locate element: .//*[@id=&apos;j_idt124&apos;]/tbody
For documentation on this error, please visit: http://seleniumhq.org/exceptions/no_such_element.html
Build info: version: &apos;3.5.3&apos;, revision: &apos;a88d25fe6b&apos;, time: &apos;2017-08-29T12:54:15.039Z&apos;
System info: host: &apos;D69659&apos;, ip: &apos;10.8.3.117&apos;, os.name: &apos;Windows 7&apos;, os.arch: &apos;amd64&apos;, os.version: &apos;6.1&apos;, java.version: &apos;1.8.0_144&apos;
Driver info: org.openqa.selenium.firefox.FirefoxDriver
Capabilities [{moz:profile=C:\Users\015780~1\AppData\Local\Temp\rust_mozprofile.3xwkAXBCbX7l, rotatable=false, timeouts={implicit=0, pageLoad=300000, script=30000}, pageLoadStrategy=normal, platform=XP, specificationLevel=0, moz:accessibilityChecks=false, acceptInsecureCerts=false, browserVersion=55.0.3, platformVersion=6.1, moz:processID=17676, browserName=firefox, javascriptEnabled=true, platformName=XP}]
Session ID: 2509ffa6-c738-4278-b654-a77107e16076
*** Element info: {Using=xpath, value=.//*[@id=&apos;j_idt124&apos;]/tbody}
	at org.openqa.selenium.remote.http.W3CHttpResponseCodec.createException(W3CHttpResponseCodec.java:185)
	at org.openqa.selenium.remote.http.W3CHttpResponseCodec.decode(W3CHttpResponseCodec.java:120)
	at org.openqa.selenium.remote.http.W3CHttpResponseCodec.decode(W3CHttpResponseCodec.java:49)
	at org.openqa.selenium.remote.HttpCommandExecutor.execute(HttpCommandExecutor.java:164)
	at org.openqa.selenium.remote.service.DriverCommandExecutor.execute(DriverCommandExecutor.java:82)
	at org.openqa.selenium.remote.RemoteWebDriver.execute(RemoteWebDriver.java:646)
	at org.openqa.selenium.remote.RemoteWebDriver.findElement(RemoteWebDriver.java:416)
	at org.openqa.selenium.remote.RemoteWebDriver.findElementByXPath(RemoteWebDriver.java:518)
	at org.openqa.selenium.By$ByXPath.findElement(By.java:361)
	at org.openqa.selenium.remote.RemoteWebDriver.findElement(RemoteWebDriver.java:408)
	at gep_pagamento_auxiliary.Helper.getTextAndValueFromTable(Helper.java:346)
	at visualizar_detalhes_historicos_requisicao_pagamento.Pagina.resultado(Pagina.java:125)
	at visualizar_detalhes_historicos_requisicao_pagamento.Teste_Visualiza_Detalhes.UC002_CT006_PD006_1(Teste_Visualiza_Detalhes.java:30)
... Removed 29 stack frames</div></td></tr></table><p class="totop"><a href="#summary">back to summary</a></p>
<h3 id="m1">visualizar_requisicao_pagamento.Teste_Visualiza_Requisicao_Pagamento#UC002_CT012_PD012_1</h3><table class="result"><tr><th>Exception</th></tr><tr><td><div class="stacktrace">org.openqa.selenium.TimeoutException: Expected condition failed: waiting for presence of element located by: By.xpath: /html/body/div[4]/div/div/div/form/div/div/div[2]/fieldset[1]/legend (tried for 10 second(s) with 2 SECONDS interval)
	at org.openqa.selenium.support.ui.FluentWait.timeoutException(FluentWait.java:264)
	at org.openqa.selenium.support.ui.FluentWait.until(FluentWait.java:232)
	at visualizar_requisicao_pagamento.Pagina.resultado(Pagina.java:137)
	at visualizar_requisicao_pagamento.Teste_Visualiza_Requisicao_Pagamento.UC002_CT012_PD012_1(Teste_Visualiza_Requisicao_Pagamento.java:27)
Caused by: org.openqa.selenium.NoSuchElementException: Cannot locate an element using By.xpath: /html/body/div[4]/div/div/div/form/div/div/div[2]/fieldset[1]/legend
For documentation on this error, please visit: http://seleniumhq.org/exceptions/no_such_element.html
Build info: version: &apos;3.5.3&apos;, revision: &apos;a88d25fe6b&apos;, time: &apos;2017-08-29T12:54:15.039Z&apos;
System info: host: &apos;D69659&apos;, ip: &apos;10.8.3.117&apos;, os.name: &apos;Windows 7&apos;, os.arch: &apos;amd64&apos;, os.version: &apos;6.1&apos;, java.version: &apos;1.8.0_144&apos;
Driver info: driver.version: unknown
	at org.openqa.selenium.support.ui.ExpectedConditions.lambda$findElement$0(ExpectedConditions.java:883)
	at java.util.Optional.orElseThrow(Optional.java:290)
	at org.openqa.selenium.support.ui.ExpectedConditions.findElement(ExpectedConditions.java:882)
	at org.openqa.selenium.support.ui.ExpectedConditions.access$000(ExpectedConditions.java:44)
	at org.openqa.selenium.support.ui.ExpectedConditions$6.apply(ExpectedConditions.java:183)
	at org.openqa.selenium.support.ui.ExpectedConditions$6.apply(ExpectedConditions.java:180)
	at org.openqa.selenium.support.ui.FluentWait.until(FluentWait.java:209)
	... 27 more
... Removed 25 stack frames</div></td></tr></table><p class="totop"><a href="#summary">back to summary</a></p>
<h3 id="m2">alterar_requisicao_pagamento_beneficiario.Teste_Altera_Beneficiario#UC002_CT008_PD002_1</h3><table class="result"><tr><th class="invisible"/></tr></table><p class="totop"><a href="#summary">back to summary</a></p>
<h3 id="m3">alterar_requisicao_pagamento_dados_processo.Teste_Altera_Dados_Processo#UC002_CT003_PD003_1</h3><table class="result"><tr><th class="invisible"/></tr></table><p class="totop"><a href="#summary">back to summary</a></p>
<h3 id="m4">alterar_requisicao_pagamento_terceiro_interessado.Teste_Altera_Terceiros_Interessados#UC002_CT010_PD010_1</h3><table class="result"><tr><th class="invisible"/></tr></table><p class="totop"><a href="#summary">back to summary</a></p>
<h3 id="m5">consultar_requisicao_pagamento.Teste_Consulta#UC002_CT001_PD001_1</h3><table class="result"><tr><th class="invisible"/></tr></table><p class="totop"><a href="#summary">back to summary</a></p>
<h3 id="m6">excluir_requisicao_pagamento.Teste_Exclui#UC002_CT004_PD004_1</h3><table class="result"><tr><th class="invisible"/></tr></table><p class="totop"><a href="#summary">back to summary</a></p>
<h3 id="m7">incluir_requisicao_pagamento.Teste_inclui_requisicao_pagamento#UC002_CT002_PD002_1</h3><table class="result"><tr><th class="invisible"/></tr></table><p class="totop"><a href="#summary">back to summary</a></p>
<h3 id="m8">incluir_requisicao_pagamento_beneficiario.Teste_Inclui_Beneficiario#UC002_CT007_PD002_1</h3><table class="result"><tr><th class="invisible"/></tr></table><p class="totop"><a href="#summary">back to summary</a></p>
<h3 id="m9">incluir_requisicao_pagamento_terceiro_interessado.Teste_Inclui_Terceiros_Interessados#UC002_CT009_PD009_1</h3><table class="result"><tr><th class="invisible"/></tr></table><p class="totop"><a href="#summary">back to summary</a></p>
<h3 id="m10">visualizar_Informacoes_resumidas_requisicao_pagamento.Teste_Visualiza#UC002_CT005_PD001_1</h3><table class="result"><tr><th class="invisible"/></tr></table><p class="totop"><a href="#summary">back to summary</a></p>
</body>
</html>
