<?xml version="1.0" encoding="UTF-8"?>
<testng-results skipped="0" failed="2" ignored="62" total="73" passed="9">
  <reporter-output>
  </reporter-output>
  <suite name="Smokink testing GEP TC002" duration-ms="287602" started-at="2017-10-19T14:21:11Z" finished-at="2017-10-19T14:25:59Z">
    <groups>
    </groups>
    <test name="Smokink testing" duration-ms="287602" started-at="2017-10-19T14:21:11Z" finished-at="2017-10-19T14:25:59Z">
      <class name="incluir_requisicao_pagamento_terceiro_interessado.Teste_Inclui_Terceiros_Interessados">
        <test-method status="PASS" signature="initialize()[pri:0, instance:incluir_requisicao_pagamento_terceiro_interessado.Teste_Inclui_Terceiros_Interessados@3e6fa38a]" name="initialize" is-config="true" duration-ms="3781" started-at="2017-10-19T11:23:57Z" finished-at="2017-10-19T11:24:01Z">
          <reporter-output>
          </reporter-output>
        </test-method> <!-- initialize -->
        <test-method status="PASS" signature="UC002_CT009_PD009_1()[pri:0, instance:incluir_requisicao_pagamento_terceiro_interessado.Teste_Inclui_Terceiros_Interessados@3e6fa38a]" name="UC002_CT009_PD009_1" duration-ms="20117" started-at="2017-10-19T11:24:01Z" finished-at="2017-10-19T11:24:21Z">
          <reporter-output>
          </reporter-output>
        </test-method> <!-- UC002_CT009_PD009_1 -->
        <test-method status="PASS" signature="afterMethod(org.testng.ITestResult)[pri:0, instance:incluir_requisicao_pagamento_terceiro_interessado.Teste_Inclui_Terceiros_Interessados@3e6fa38a]" name="afterMethod" is-config="true" duration-ms="0" started-at="2017-10-19T11:24:21Z" finished-at="2017-10-19T11:24:21Z">
          <params>
            <param index="0">
              <value>
                <![CDATA[[TestResult name=UC002_CT009_PD009_1 status=SUCCESS method=Teste_Inclui_Terceiros_Interessados.UC002_CT009_PD009_1()[pri:0, instance:incluir_requisicao_pagamento_terceiro_interessado.Teste_Inclui_Terceiros_Interessados@3e6fa38a] output={null}]]]>
              </value>
            </param>
          </params>
          <reporter-output>
          </reporter-output>
        </test-method> <!-- afterMethod -->
        <test-method status="PASS" signature="close()[pri:0, instance:incluir_requisicao_pagamento_terceiro_interessado.Teste_Inclui_Terceiros_Interessados@3e6fa38a]" name="close" is-config="true" duration-ms="140" started-at="2017-10-19T11:24:21Z" finished-at="2017-10-19T11:24:21Z">
          <reporter-output>
          </reporter-output>
        </test-method> <!-- close -->
      </class> <!-- incluir_requisicao_pagamento_terceiro_interessado.Teste_Inclui_Terceiros_Interessados -->
      <class name="incluir_requisicao_pagamento_beneficiario.Teste_Inclui_Beneficiario">
        <test-method status="PASS" signature="initialize()[pri:0, instance:incluir_requisicao_pagamento_beneficiario.Teste_Inclui_Beneficiario@6f7fd0e6]" name="initialize" is-config="true" duration-ms="3937" started-at="2017-10-19T11:22:59Z" finished-at="2017-10-19T11:23:03Z">
          <reporter-output>
          </reporter-output>
        </test-method> <!-- initialize -->
        <test-method status="PASS" signature="UC002_CT007_PD002_1()[pri:0, instance:incluir_requisicao_pagamento_beneficiario.Teste_Inclui_Beneficiario@6f7fd0e6]" name="UC002_CT007_PD002_1" duration-ms="30076" started-at="2017-10-19T11:23:03Z" finished-at="2017-10-19T11:23:33Z">
          <reporter-output>
          </reporter-output>
        </test-method> <!-- UC002_CT007_PD002_1 -->
        <test-method status="PASS" signature="afterMethod(org.testng.ITestResult)[pri:0, instance:incluir_requisicao_pagamento_beneficiario.Teste_Inclui_Beneficiario@6f7fd0e6]" name="afterMethod" is-config="true" duration-ms="0" started-at="2017-10-19T11:23:33Z" finished-at="2017-10-19T11:23:33Z">
          <params>
            <param index="0">
              <value>
                <![CDATA[[TestResult name=UC002_CT007_PD002_1 status=SUCCESS method=Teste_Inclui_Beneficiario.UC002_CT007_PD002_1()[pri:0, instance:incluir_requisicao_pagamento_beneficiario.Teste_Inclui_Beneficiario@6f7fd0e6] output={null}]]]>
              </value>
            </param>
          </params>
          <reporter-output>
          </reporter-output>
        </test-method> <!-- afterMethod -->
        <test-method status="PASS" signature="close()[pri:0, instance:incluir_requisicao_pagamento_beneficiario.Teste_Inclui_Beneficiario@6f7fd0e6]" name="close" is-config="true" duration-ms="125" started-at="2017-10-19T11:23:33Z" finished-at="2017-10-19T11:23:33Z">
          <reporter-output>
          </reporter-output>
        </test-method> <!-- close -->
      </class> <!-- incluir_requisicao_pagamento_beneficiario.Teste_Inclui_Beneficiario -->
      <class name="visualizar_requisicao_pagamento.Teste_Visualiza_Requisicao_Pagamento">
        <test-method status="PASS" signature="initialize()[pri:0, instance:visualizar_requisicao_pagamento.Teste_Visualiza_Requisicao_Pagamento@66a3ffec]" name="initialize" is-config="true" duration-ms="3845" started-at="2017-10-19T11:24:21Z" finished-at="2017-10-19T11:24:25Z">
          <reporter-output>
          </reporter-output>
        </test-method> <!-- initialize -->
        <test-method status="FAIL" signature="UC002_CT012_PD012_1()[pri:0, instance:visualizar_requisicao_pagamento.Teste_Visualiza_Requisicao_Pagamento@66a3ffec]" name="UC002_CT012_PD012_1" duration-ms="32596" started-at="2017-10-19T11:24:25Z" finished-at="2017-10-19T11:24:57Z">
          <exception class="org.openqa.selenium.TimeoutException">
            <message>
              <![CDATA[Expected condition failed: waiting for presence of element located by: By.xpath: /html/body/div[4]/div/div/div/form/div/div/div[2]/fieldset[1]/legend (tried for 10 second(s) with 2 SECONDS interval)]]>
            </message>
            <full-stacktrace>
              <![CDATA[org.openqa.selenium.TimeoutException: Expected condition failed: waiting for presence of element located by: By.xpath: /html/body/div[4]/div/div/div/form/div/div/div[2]/fieldset[1]/legend (tried for 10 second(s) with 2 SECONDS interval)
	at org.openqa.selenium.support.ui.FluentWait.timeoutException(FluentWait.java:264)
	at org.openqa.selenium.support.ui.FluentWait.until(FluentWait.java:232)
	at visualizar_requisicao_pagamento.Pagina.resultado(Pagina.java:137)
	at visualizar_requisicao_pagamento.Teste_Visualiza_Requisicao_Pagamento.UC002_CT012_PD012_1(Teste_Visualiza_Requisicao_Pagamento.java:27)
	at sun.reflect.NativeMethodAccessorImpl.invoke0(Native Method)
	at sun.reflect.NativeMethodAccessorImpl.invoke(NativeMethodAccessorImpl.java:62)
	at sun.reflect.DelegatingMethodAccessorImpl.invoke(DelegatingMethodAccessorImpl.java:43)
	at java.lang.reflect.Method.invoke(Method.java:498)
	at org.testng.internal.MethodInvocationHelper.invokeMethod(MethodInvocationHelper.java:108)
	at org.testng.internal.Invoker.invokeMethod(Invoker.java:669)
	at org.testng.internal.Invoker.invokeTestMethod(Invoker.java:877)
	at org.testng.internal.Invoker.invokeTestMethods(Invoker.java:1201)
	at org.testng.internal.TestMethodWorker.invokeTestMethods(TestMethodWorker.java:125)
	at org.testng.internal.TestMethodWorker.run(TestMethodWorker.java:109)
	at org.testng.TestRunner.privateRun(TestRunner.java:776)
	at org.testng.TestRunner.run(TestRunner.java:634)
	at org.testng.SuiteRunner.runTest(SuiteRunner.java:425)
	at org.testng.SuiteRunner.runSequentially(SuiteRunner.java:420)
	at org.testng.SuiteRunner.privateRun(SuiteRunner.java:385)
	at org.testng.SuiteRunner.run(SuiteRunner.java:334)
	at org.testng.SuiteRunnerWorker.runSuite(SuiteRunnerWorker.java:52)
	at org.testng.SuiteRunnerWorker.run(SuiteRunnerWorker.java:86)
	at org.testng.TestNG.runSuitesSequentially(TestNG.java:1318)
	at org.testng.TestNG.runSuitesLocally(TestNG.java:1243)
	at org.testng.TestNG.runSuites(TestNG.java:1161)
	at org.testng.TestNG.run(TestNG.java:1129)
	at org.testng.remote.AbstractRemoteTestNG.run(AbstractRemoteTestNG.java:114)
	at org.testng.remote.RemoteTestNG.initAndRun(RemoteTestNG.java:251)
	at org.testng.remote.RemoteTestNG.main(RemoteTestNG.java:77)
Caused by: org.openqa.selenium.NoSuchElementException: Cannot locate an element using By.xpath: /html/body/div[4]/div/div/div/form/div/div/div[2]/fieldset[1]/legend
For documentation on this error, please visit: http://seleniumhq.org/exceptions/no_such_element.html
Build info: version: '3.5.3', revision: 'a88d25fe6b', time: '2017-08-29T12:54:15.039Z'
System info: host: 'D69659', ip: '10.8.3.117', os.name: 'Windows 7', os.arch: 'amd64', os.version: '6.1', java.version: '1.8.0_144'
Driver info: driver.version: unknown
	at org.openqa.selenium.support.ui.ExpectedConditions.lambda$findElement$0(ExpectedConditions.java:883)
	at java.util.Optional.orElseThrow(Optional.java:290)
	at org.openqa.selenium.support.ui.ExpectedConditions.findElement(ExpectedConditions.java:882)
	at org.openqa.selenium.support.ui.ExpectedConditions.access$000(ExpectedConditions.java:44)
	at org.openqa.selenium.support.ui.ExpectedConditions$6.apply(ExpectedConditions.java:183)
	at org.openqa.selenium.support.ui.ExpectedConditions$6.apply(ExpectedConditions.java:180)
	at org.openqa.selenium.support.ui.FluentWait.until(FluentWait.java:209)
	... 27 more
]]>
            </full-stacktrace>
          </exception> <!-- org.openqa.selenium.TimeoutException -->
          <reporter-output>
          </reporter-output>
        </test-method> <!-- UC002_CT012_PD012_1 -->
        <test-method status="PASS" signature="afterMethod(org.testng.ITestResult)[pri:0, instance:visualizar_requisicao_pagamento.Teste_Visualiza_Requisicao_Pagamento@66a3ffec]" name="afterMethod" is-config="true" duration-ms="0" started-at="2017-10-19T11:24:57Z" finished-at="2017-10-19T11:24:57Z">
          <params>
            <param index="0">
              <value>
                <![CDATA[[TestResult name=UC002_CT012_PD012_1 status=FAILURE method=Teste_Visualiza_Requisicao_Pagamento.UC002_CT012_PD012_1()[pri:0, instance:visualizar_requisicao_pagamento.Teste_Visualiza_Requisicao_Pagamento@66a3ffec] output={null}]]]>
              </value>
            </param>
          </params>
          <reporter-output>
          </reporter-output>
        </test-method> <!-- afterMethod -->
        <test-method status="PASS" signature="close()[pri:0, instance:visualizar_requisicao_pagamento.Teste_Visualiza_Requisicao_Pagamento@66a3ffec]" name="close" is-config="true" duration-ms="157" started-at="2017-10-19T11:24:57Z" finished-at="2017-10-19T11:24:58Z">
          <reporter-output>
          </reporter-output>
        </test-method> <!-- close -->
      </class> <!-- visualizar_requisicao_pagamento.Teste_Visualiza_Requisicao_Pagamento -->
      <class name="excluir_requisicao_pagamento.Teste_Exclui">
        <test-method status="PASS" signature="initialize()[pri:0, instance:excluir_requisicao_pagamento.Teste_Exclui@42d80b78]" name="initialize" is-config="true" duration-ms="3845" started-at="2017-10-19T11:25:38Z" finished-at="2017-10-19T11:25:42Z">
          <reporter-output>
          </reporter-output>
        </test-method> <!-- initialize -->
        <test-method status="PASS" signature="UC002_CT004_PD004_1()[pri:0, instance:excluir_requisicao_pagamento.Teste_Exclui@42d80b78]" name="UC002_CT004_PD004_1" duration-ms="16384" started-at="2017-10-19T11:25:42Z" finished-at="2017-10-19T11:25:59Z">
          <reporter-output>
          </reporter-output>
        </test-method> <!-- UC002_CT004_PD004_1 -->
        <test-method status="PASS" signature="afterMethod(org.testng.ITestResult)[pri:0, instance:excluir_requisicao_pagamento.Teste_Exclui@42d80b78]" name="afterMethod" is-config="true" duration-ms="0" started-at="2017-10-19T11:25:59Z" finished-at="2017-10-19T11:25:59Z">
          <params>
            <param index="0">
              <value>
                <![CDATA[[TestResult name=UC002_CT004_PD004_1 status=SUCCESS method=Teste_Exclui.UC002_CT004_PD004_1()[pri:0, instance:excluir_requisicao_pagamento.Teste_Exclui@42d80b78] output={null}]]]>
              </value>
            </param>
          </params>
          <reporter-output>
          </reporter-output>
        </test-method> <!-- afterMethod -->
        <test-method status="PASS" signature="close()[pri:0, instance:excluir_requisicao_pagamento.Teste_Exclui@42d80b78]" name="close" is-config="true" duration-ms="141" started-at="2017-10-19T11:25:59Z" finished-at="2017-10-19T11:25:59Z">
          <reporter-output>
          </reporter-output>
        </test-method> <!-- close -->
      </class> <!-- excluir_requisicao_pagamento.Teste_Exclui -->
      <class name="consultar_requisicao_pagamento.Teste_Consulta">
        <test-method status="PASS" signature="initialize()[pri:0, instance:consultar_requisicao_pagamento.Teste_Consulta@1e88b3c]" name="initialize" is-config="true" duration-ms="3889" started-at="2017-10-19T11:25:19Z" finished-at="2017-10-19T11:25:23Z">
          <reporter-output>
          </reporter-output>
        </test-method> <!-- initialize -->
        <test-method status="PASS" signature="UC002_CT001_PD001_1()[pri:0, instance:consultar_requisicao_pagamento.Teste_Consulta@1e88b3c]" name="UC002_CT001_PD001_1" duration-ms="15499" started-at="2017-10-19T11:25:23Z" finished-at="2017-10-19T11:25:38Z">
          <reporter-output>
          </reporter-output>
        </test-method> <!-- UC002_CT001_PD001_1 -->
        <test-method status="PASS" signature="afterMethod(org.testng.ITestResult)[pri:0, instance:consultar_requisicao_pagamento.Teste_Consulta@1e88b3c]" name="afterMethod" is-config="true" duration-ms="0" started-at="2017-10-19T11:25:38Z" finished-at="2017-10-19T11:25:38Z">
          <params>
            <param index="0">
              <value>
                <![CDATA[[TestResult name=UC002_CT001_PD001_1 status=SUCCESS method=Teste_Consulta.UC002_CT001_PD001_1()[pri:0, instance:consultar_requisicao_pagamento.Teste_Consulta@1e88b3c] output={null}]]]>
              </value>
            </param>
          </params>
          <reporter-output>
          </reporter-output>
        </test-method> <!-- afterMethod -->
        <test-method status="PASS" signature="close()[pri:0, instance:consultar_requisicao_pagamento.Teste_Consulta@1e88b3c]" name="close" is-config="true" duration-ms="125" started-at="2017-10-19T11:25:38Z" finished-at="2017-10-19T11:25:38Z">
          <reporter-output>
          </reporter-output>
        </test-method> <!-- close -->
      </class> <!-- consultar_requisicao_pagamento.Teste_Consulta -->
      <class name="alterar_requisicao_pagamento_terceiro_interessado.Teste_Altera_Terceiros_Interessados">
        <test-method status="PASS" signature="initialize()[pri:0, instance:alterar_requisicao_pagamento_terceiro_interessado.Teste_Altera_Terceiros_Interessados@77caeb3e]" name="initialize" is-config="true" duration-ms="3845" started-at="2017-10-19T11:24:58Z" finished-at="2017-10-19T11:25:01Z">
          <reporter-output>
          </reporter-output>
        </test-method> <!-- initialize -->
        <test-method status="PASS" signature="UC002_CT010_PD010_1()[pri:0, instance:alterar_requisicao_pagamento_terceiro_interessado.Teste_Altera_Terceiros_Interessados@77caeb3e]" name="UC002_CT010_PD010_1" duration-ms="17321" started-at="2017-10-19T11:25:01Z" finished-at="2017-10-19T11:25:19Z">
          <reporter-output>
          </reporter-output>
        </test-method> <!-- UC002_CT010_PD010_1 -->
        <test-method status="PASS" signature="afterMethod(org.testng.ITestResult)[pri:0, instance:alterar_requisicao_pagamento_terceiro_interessado.Teste_Altera_Terceiros_Interessados@77caeb3e]" name="afterMethod" is-config="true" duration-ms="0" started-at="2017-10-19T11:25:19Z" finished-at="2017-10-19T11:25:19Z">
          <params>
            <param index="0">
              <value>
                <![CDATA[[TestResult name=UC002_CT010_PD010_1 status=SUCCESS method=Teste_Altera_Terceiros_Interessados.UC002_CT010_PD010_1()[pri:0, instance:alterar_requisicao_pagamento_terceiro_interessado.Teste_Altera_Terceiros_Interessados@77caeb3e] output={null}]]]>
              </value>
            </param>
          </params>
          <reporter-output>
          </reporter-output>
        </test-method> <!-- afterMethod -->
        <test-method status="PASS" signature="close()[pri:0, instance:alterar_requisicao_pagamento_terceiro_interessado.Teste_Altera_Terceiros_Interessados@77caeb3e]" name="close" is-config="true" duration-ms="125" started-at="2017-10-19T11:25:19Z" finished-at="2017-10-19T11:25:19Z">
          <reporter-output>
          </reporter-output>
        </test-method> <!-- close -->
      </class> <!-- alterar_requisicao_pagamento_terceiro_interessado.Teste_Altera_Terceiros_Interessados -->
      <class name="visualizar_detalhes_historicos_requisicao_pagamento.Teste_Visualiza_Detalhes">
        <test-method status="PASS" signature="initialize()[pri:0, instance:visualizar_detalhes_historicos_requisicao_pagamento.Teste_Visualiza_Detalhes@59f99ea]" name="initialize" is-config="true" duration-ms="3844" started-at="2017-10-19T11:22:02Z" finished-at="2017-10-19T11:22:06Z">
          <reporter-output>
          </reporter-output>
        </test-method> <!-- initialize -->
        <test-method status="FAIL" signature="UC002_CT006_PD006_1()[pri:0, instance:visualizar_detalhes_historicos_requisicao_pagamento.Teste_Visualiza_Detalhes@59f99ea]" name="UC002_CT006_PD006_1" duration-ms="17025" started-at="2017-10-19T11:22:06Z" finished-at="2017-10-19T11:22:23Z">
          <exception class="org.openqa.selenium.NoSuchElementException">
            <message>
              <![CDATA[Unable to locate element: .//*[@id='j_idt124']/tbody
For documentation on this error, please visit: http://seleniumhq.org/exceptions/no_such_element.html
Build info: version: '3.5.3', revision: 'a88d25fe6b', time: '2017-08-29T12:54:15.039Z'
System info: host: 'D69659', ip: '10.8.3.117', os.name: 'Windows 7', os.arch: 'amd64', os.version: '6.1', java.version: '1.8.0_144'
Driver info: org.openqa.selenium.firefox.FirefoxDriver
Capabilities [{moz:profile=C:\Users\015780~1\AppData\Local\Temp\rust_mozprofile.3xwkAXBCbX7l, rotatable=false, timeouts={implicit=0, pageLoad=300000, script=30000}, pageLoadStrategy=normal, platform=XP, specificationLevel=0, moz:accessibilityChecks=false, acceptInsecureCerts=false, browserVersion=55.0.3, platformVersion=6.1, moz:processID=17676, browserName=firefox, javascriptEnabled=true, platformName=XP}]
Session ID: 2509ffa6-c738-4278-b654-a77107e16076
*** Element info: {Using=xpath, value=.//*[@id='j_idt124']/tbody}]]>
            </message>
            <full-stacktrace>
              <![CDATA[org.openqa.selenium.NoSuchElementException: Unable to locate element: .//*[@id='j_idt124']/tbody
For documentation on this error, please visit: http://seleniumhq.org/exceptions/no_such_element.html
Build info: version: '3.5.3', revision: 'a88d25fe6b', time: '2017-08-29T12:54:15.039Z'
System info: host: 'D69659', ip: '10.8.3.117', os.name: 'Windows 7', os.arch: 'amd64', os.version: '6.1', java.version: '1.8.0_144'
Driver info: org.openqa.selenium.firefox.FirefoxDriver
Capabilities [{moz:profile=C:\Users\015780~1\AppData\Local\Temp\rust_mozprofile.3xwkAXBCbX7l, rotatable=false, timeouts={implicit=0, pageLoad=300000, script=30000}, pageLoadStrategy=normal, platform=XP, specificationLevel=0, moz:accessibilityChecks=false, acceptInsecureCerts=false, browserVersion=55.0.3, platformVersion=6.1, moz:processID=17676, browserName=firefox, javascriptEnabled=true, platformName=XP}]
Session ID: 2509ffa6-c738-4278-b654-a77107e16076
*** Element info: {Using=xpath, value=.//*[@id='j_idt124']/tbody}
	at sun.reflect.NativeConstructorAccessorImpl.newInstance0(Native Method)
	at sun.reflect.NativeConstructorAccessorImpl.newInstance(NativeConstructorAccessorImpl.java:62)
	at sun.reflect.DelegatingConstructorAccessorImpl.newInstance(DelegatingConstructorAccessorImpl.java:45)
	at java.lang.reflect.Constructor.newInstance(Constructor.java:423)
	at org.openqa.selenium.remote.http.W3CHttpResponseCodec.createException(W3CHttpResponseCodec.java:185)
	at org.openqa.selenium.remote.http.W3CHttpResponseCodec.decode(W3CHttpResponseCodec.java:120)
	at org.openqa.selenium.remote.http.W3CHttpResponseCodec.decode(W3CHttpResponseCodec.java:49)
	at org.openqa.selenium.remote.HttpCommandExecutor.execute(HttpCommandExecutor.java:164)
	at org.openqa.selenium.remote.service.DriverCommandExecutor.execute(DriverCommandExecutor.java:82)
	at org.openqa.selenium.remote.RemoteWebDriver.execute(RemoteWebDriver.java:646)
	at org.openqa.selenium.remote.RemoteWebDriver.findElement(RemoteWebDriver.java:416)
	at org.openqa.selenium.remote.RemoteWebDriver.findElementByXPath(RemoteWebDriver.java:518)
	at org.openqa.selenium.By$ByXPath.findElement(By.java:361)
	at org.openqa.selenium.remote.RemoteWebDriver.findElement(RemoteWebDriver.java:408)
	at gep_pagamento_auxiliary.Helper.getTextAndValueFromTable(Helper.java:346)
	at visualizar_detalhes_historicos_requisicao_pagamento.Pagina.resultado(Pagina.java:125)
	at visualizar_detalhes_historicos_requisicao_pagamento.Teste_Visualiza_Detalhes.UC002_CT006_PD006_1(Teste_Visualiza_Detalhes.java:30)
	at sun.reflect.NativeMethodAccessorImpl.invoke0(Native Method)
	at sun.reflect.NativeMethodAccessorImpl.invoke(NativeMethodAccessorImpl.java:62)
	at sun.reflect.DelegatingMethodAccessorImpl.invoke(DelegatingMethodAccessorImpl.java:43)
	at java.lang.reflect.Method.invoke(Method.java:498)
	at org.testng.internal.MethodInvocationHelper.invokeMethod(MethodInvocationHelper.java:108)
	at org.testng.internal.Invoker.invokeMethod(Invoker.java:669)
	at org.testng.internal.Invoker.invokeTestMethod(Invoker.java:877)
	at org.testng.internal.Invoker.invokeTestMethods(Invoker.java:1201)
	at org.testng.internal.TestMethodWorker.invokeTestMethods(TestMethodWorker.java:125)
	at org.testng.internal.TestMethodWorker.run(TestMethodWorker.java:109)
	at org.testng.TestRunner.privateRun(TestRunner.java:776)
	at org.testng.TestRunner.run(TestRunner.java:634)
	at org.testng.SuiteRunner.runTest(SuiteRunner.java:425)
	at org.testng.SuiteRunner.runSequentially(SuiteRunner.java:420)
	at org.testng.SuiteRunner.privateRun(SuiteRunner.java:385)
	at org.testng.SuiteRunner.run(SuiteRunner.java:334)
	at org.testng.SuiteRunnerWorker.runSuite(SuiteRunnerWorker.java:52)
	at org.testng.SuiteRunnerWorker.run(SuiteRunnerWorker.java:86)
	at org.testng.TestNG.runSuitesSequentially(TestNG.java:1318)
	at org.testng.TestNG.runSuitesLocally(TestNG.java:1243)
	at org.testng.TestNG.runSuites(TestNG.java:1161)
	at org.testng.TestNG.run(TestNG.java:1129)
	at org.testng.remote.AbstractRemoteTestNG.run(AbstractRemoteTestNG.java:114)
	at org.testng.remote.RemoteTestNG.initAndRun(RemoteTestNG.java:251)
	at org.testng.remote.RemoteTestNG.main(RemoteTestNG.java:77)
]]>
            </full-stacktrace>
          </exception> <!-- org.openqa.selenium.NoSuchElementException -->
          <reporter-output>
          </reporter-output>
        </test-method> <!-- UC002_CT006_PD006_1 -->
        <test-method status="PASS" signature="afterMethod(org.testng.ITestResult)[pri:0, instance:visualizar_detalhes_historicos_requisicao_pagamento.Teste_Visualiza_Detalhes@59f99ea]" name="afterMethod" is-config="true" duration-ms="0" started-at="2017-10-19T11:22:23Z" finished-at="2017-10-19T11:22:23Z">
          <params>
            <param index="0">
              <value>
                <![CDATA[[TestResult name=UC002_CT006_PD006_1 status=FAILURE method=Teste_Visualiza_Detalhes.UC002_CT006_PD006_1()[pri:0, instance:visualizar_detalhes_historicos_requisicao_pagamento.Teste_Visualiza_Detalhes@59f99ea] output={null}]]]>
              </value>
            </param>
          </params>
          <reporter-output>
          </reporter-output>
        </test-method> <!-- afterMethod -->
        <test-method status="PASS" signature="close()[pri:0, instance:visualizar_detalhes_historicos_requisicao_pagamento.Teste_Visualiza_Detalhes@59f99ea]" name="close" is-config="true" duration-ms="126" started-at="2017-10-19T11:22:23Z" finished-at="2017-10-19T11:22:23Z">
          <reporter-output>
          </reporter-output>
        </test-method> <!-- close -->
      </class> <!-- visualizar_detalhes_historicos_requisicao_pagamento.Teste_Visualiza_Detalhes -->
      <class name="visualizar_Informacoes_resumidas_requisicao_pagamento.Teste_Visualiza">
        <test-method status="PASS" signature="initialize()[pri:0, instance:visualizar_Informacoes_resumidas_requisicao_pagamento.Teste_Visualiza@ae45eb6]" name="initialize" is-config="true" duration-ms="3846" started-at="2017-10-19T11:21:42Z" finished-at="2017-10-19T11:21:46Z">
          <reporter-output>
          </reporter-output>
        </test-method> <!-- initialize -->
        <test-method status="PASS" signature="UC002_CT005_PD001_1()[pri:0, instance:visualizar_Informacoes_resumidas_requisicao_pagamento.Teste_Visualiza@ae45eb6]" name="UC002_CT005_PD001_1" duration-ms="15230" started-at="2017-10-19T11:21:46Z" finished-at="2017-10-19T11:22:02Z">
          <reporter-output>
          </reporter-output>
        </test-method> <!-- UC002_CT005_PD001_1 -->
        <test-method status="PASS" signature="close()[pri:0, instance:visualizar_Informacoes_resumidas_requisicao_pagamento.Teste_Visualiza@ae45eb6]" name="close" is-config="true" duration-ms="158" started-at="2017-10-19T11:22:02Z" finished-at="2017-10-19T11:22:02Z">
          <reporter-output>
          </reporter-output>
        </test-method> <!-- close -->
        <test-method status="PASS" signature="afterMethod(org.testng.ITestResult)[pri:0, instance:visualizar_Informacoes_resumidas_requisicao_pagamento.Teste_Visualiza@ae45eb6]" name="afterMethod" is-config="true" duration-ms="0" started-at="2017-10-19T11:22:02Z" finished-at="2017-10-19T11:22:02Z">
          <params>
            <param index="0">
              <value>
                <![CDATA[[TestResult name=UC002_CT005_PD001_1 status=SUCCESS method=Teste_Visualiza.UC002_CT005_PD001_1()[pri:0, instance:visualizar_Informacoes_resumidas_requisicao_pagamento.Teste_Visualiza@ae45eb6] output={null}]]]>
              </value>
            </param>
          </params>
          <reporter-output>
          </reporter-output>
        </test-method> <!-- afterMethod -->
      </class> <!-- visualizar_Informacoes_resumidas_requisicao_pagamento.Teste_Visualiza -->
      <class name="alterar_requisicao_pagamento_dados_processo.Teste_Altera_Dados_Processo">
        <test-method status="PASS" signature="initialize()[pri:0, instance:alterar_requisicao_pagamento_dados_processo.Teste_Altera_Dados_Processo@27efef64]" name="initialize" is-config="true" duration-ms="3922" started-at="2017-10-19T11:22:23Z" finished-at="2017-10-19T11:22:27Z">
          <reporter-output>
          </reporter-output>
        </test-method> <!-- initialize -->
        <test-method status="PASS" signature="UC002_CT003_PD003_1()[pri:0, instance:alterar_requisicao_pagamento_dados_processo.Teste_Altera_Dados_Processo@27efef64]" name="UC002_CT003_PD003_1" duration-ms="31884" started-at="2017-10-19T11:22:27Z" finished-at="2017-10-19T11:22:58Z">
          <reporter-output>
          </reporter-output>
        </test-method> <!-- UC002_CT003_PD003_1 -->
        <test-method status="PASS" signature="close()[pri:0, instance:alterar_requisicao_pagamento_dados_processo.Teste_Altera_Dados_Processo@27efef64]" name="close" is-config="true" duration-ms="126" started-at="2017-10-19T11:22:58Z" finished-at="2017-10-19T11:22:59Z">
          <reporter-output>
          </reporter-output>
        </test-method> <!-- close -->
        <test-method status="PASS" signature="afterMethod(org.testng.ITestResult)[pri:0, instance:alterar_requisicao_pagamento_dados_processo.Teste_Altera_Dados_Processo@27efef64]" name="afterMethod" is-config="true" duration-ms="0" started-at="2017-10-19T11:22:58Z" finished-at="2017-10-19T11:22:58Z">
          <params>
            <param index="0">
              <value>
                <![CDATA[[TestResult name=UC002_CT003_PD003_1 status=SUCCESS method=Teste_Altera_Dados_Processo.UC002_CT003_PD003_1()[pri:0, instance:alterar_requisicao_pagamento_dados_processo.Teste_Altera_Dados_Processo@27efef64] output={null}]]]>
              </value>
            </param>
          </params>
          <reporter-output>
          </reporter-output>
        </test-method> <!-- afterMethod -->
      </class> <!-- alterar_requisicao_pagamento_dados_processo.Teste_Altera_Dados_Processo -->
      <class name="alterar_requisicao_pagamento_beneficiario.Teste_Altera_Beneficiario">
        <test-method status="PASS" signature="initialize()[pri:0, instance:alterar_requisicao_pagamento_beneficiario.Teste_Altera_Beneficiario@47c62251]" name="initialize" is-config="true" duration-ms="3907" started-at="2017-10-19T11:23:33Z" finished-at="2017-10-19T11:23:37Z">
          <reporter-output>
          </reporter-output>
        </test-method> <!-- initialize -->
        <test-method status="PASS" signature="UC002_CT008_PD002_1()[pri:0, instance:alterar_requisicao_pagamento_beneficiario.Teste_Altera_Beneficiario@47c62251]" name="UC002_CT008_PD002_1" duration-ms="20194" started-at="2017-10-19T11:23:37Z" finished-at="2017-10-19T11:23:57Z">
          <reporter-output>
          </reporter-output>
        </test-method> <!-- UC002_CT008_PD002_1 -->
        <test-method status="PASS" signature="afterMethod(org.testng.ITestResult)[pri:0, instance:alterar_requisicao_pagamento_beneficiario.Teste_Altera_Beneficiario@47c62251]" name="afterMethod" is-config="true" duration-ms="0" started-at="2017-10-19T11:23:57Z" finished-at="2017-10-19T11:23:57Z">
          <params>
            <param index="0">
              <value>
                <![CDATA[[TestResult name=UC002_CT008_PD002_1 status=SUCCESS method=Teste_Altera_Beneficiario.UC002_CT008_PD002_1()[pri:0, instance:alterar_requisicao_pagamento_beneficiario.Teste_Altera_Beneficiario@47c62251] output={null}]]]>
              </value>
            </param>
          </params>
          <reporter-output>
          </reporter-output>
        </test-method> <!-- afterMethod -->
        <test-method status="PASS" signature="close()[pri:0, instance:alterar_requisicao_pagamento_beneficiario.Teste_Altera_Beneficiario@47c62251]" name="close" is-config="true" duration-ms="140" started-at="2017-10-19T11:23:57Z" finished-at="2017-10-19T11:23:57Z">
          <reporter-output>
          </reporter-output>
        </test-method> <!-- close -->
      </class> <!-- alterar_requisicao_pagamento_beneficiario.Teste_Altera_Beneficiario -->
      <class name="incluir_requisicao_pagamento.Teste_inclui_requisicao_pagamento">
        <test-method status="PASS" signature="beforeSuite()[pri:0, instance:incluir_requisicao_pagamento.Teste_inclui_requisicao_pagamento@68c4039c]" name="beforeSuite" is-config="true" duration-ms="171" started-at="2017-10-19T11:21:11Z" finished-at="2017-10-19T11:21:11Z">
          <reporter-output>
          </reporter-output>
        </test-method> <!-- beforeSuite -->
        <test-method status="PASS" signature="initialize()[pri:0, instance:incluir_requisicao_pagamento.Teste_inclui_requisicao_pagamento@68c4039c]" name="initialize" is-config="true" duration-ms="4313" started-at="2017-10-19T11:21:11Z" finished-at="2017-10-19T11:21:16Z">
          <reporter-output>
          </reporter-output>
        </test-method> <!-- initialize -->
        <test-method status="PASS" signature="UC002_CT002_PD002_1()[pri:0, instance:incluir_requisicao_pagamento.Teste_inclui_requisicao_pagamento@68c4039c]" name="UC002_CT002_PD002_1" duration-ms="26783" started-at="2017-10-19T11:21:16Z" finished-at="2017-10-19T11:21:42Z">
          <reporter-output>
          </reporter-output>
        </test-method> <!-- UC002_CT002_PD002_1 -->
        <test-method status="PASS" signature="close()[pri:0, instance:incluir_requisicao_pagamento.Teste_inclui_requisicao_pagamento@68c4039c]" name="close" is-config="true" duration-ms="141" started-at="2017-10-19T11:21:42Z" finished-at="2017-10-19T11:21:42Z">
          <reporter-output>
          </reporter-output>
        </test-method> <!-- close -->
        <test-method status="PASS" signature="afterMethod(org.testng.ITestResult)[pri:0, instance:incluir_requisicao_pagamento.Teste_inclui_requisicao_pagamento@68c4039c]" name="afterMethod" is-config="true" duration-ms="0" started-at="2017-10-19T11:21:42Z" finished-at="2017-10-19T11:21:42Z">
          <params>
            <param index="0">
              <value>
                <![CDATA[[TestResult name=UC002_CT002_PD002_1 status=SUCCESS method=Teste_inclui_requisicao_pagamento.UC002_CT002_PD002_1()[pri:0, instance:incluir_requisicao_pagamento.Teste_inclui_requisicao_pagamento@68c4039c] output={null}]]]>
              </value>
            </param>
          </params>
          <reporter-output>
          </reporter-output>
        </test-method> <!-- afterMethod -->
        <test-method status="PASS" signature="afterSuite()[pri:0, instance:incluir_requisicao_pagamento.Teste_inclui_requisicao_pagamento@68c4039c]" name="afterSuite" is-config="true" duration-ms="234" started-at="2017-10-19T11:25:59Z" finished-at="2017-10-19T11:25:59Z">
          <reporter-output>
          </reporter-output>
        </test-method> <!-- afterSuite -->
      </class> <!-- incluir_requisicao_pagamento.Teste_inclui_requisicao_pagamento -->
    </test> <!-- Smokink testing -->
  </suite> <!-- Smokink testing GEP TC002 -->
</testng-results>
